08:46:21.523 logback [http-nio-9080-exec-10] DEBUG o.s.b.w.f.OrderedRequestContextFilter - Bound request context to thread: org.apache.catalina.connector.RequestFacade@25892065
08:46:21.526 logback [http-nio-9080-exec-10] DEBUG o.s.web.servlet.DispatcherServlet - DispatcherServlet with name 'dispatcherServlet' processing GET request for [/learn]
08:46:21.526 logback [http-nio-9080-exec-10] DEBUG o.s.w.s.m.m.a.RequestMappingHandlerMapping - Looking up handler method for path /learn
08:46:21.526 logback [http-nio-9080-exec-10] DEBUG o.s.w.s.m.m.a.RequestMappingHandlerMapping - Returning handler method [public java.lang.String com.liyashe.controller.LearnController.learn()]
08:46:21.526 logback [http-nio-9080-exec-10] DEBUG o.s.b.f.s.DefaultListableBeanFactory - Returning cached instance of singleton bean 'learnController'
08:46:21.527 logback [http-nio-9080-exec-10] DEBUG o.s.web.servlet.DispatcherServlet - Last-Modified value for [/learn] is: -1
08:46:21.527 logback [http-nio-9080-exec-10] DEBUG o.s.web.servlet.DispatcherServlet - Successfully completed request
08:46:21.527 logback [http-nio-9080-exec-10] DEBUG o.s.b.w.f.OrderedRequestContextFilter - Cleared thread-bound request context: org.apache.catalina.connector.RequestFacade@25892065
08:46:21.530 logback [http-nio-9080-exec-7] DEBUG o.s.b.w.f.OrderedRequestContextFilter - Bound request context to thread: org.apache.catalina.connector.RequestFacade@25892065
08:46:21.531 logback [http-nio-9080-exec-7] DEBUG o.s.web.servlet.DispatcherServlet - DispatcherServlet with name 'dispatcherServlet' processing GET request for [/toLogin]
08:46:21.531 logback [http-nio-9080-exec-7] DEBUG o.s.w.s.m.m.a.RequestMappingHandlerMapping - Looking up handler method for path /toLogin
08:46:21.531 logback [http-nio-9080-exec-7] DEBUG o.s.w.s.m.m.a.RequestMappingHandlerMapping - Did not find handler method for [/toLogin]
08:46:21.531 logback [http-nio-9080-exec-7] DEBUG o.s.w.s.h.SimpleUrlHandlerMapping - Mapping [/toLogin] to HandlerExecutionChain with handler [org.springframework.web.servlet.mvc.ParameterizableViewController@78b7e627] and 1 interceptor
08:46:21.531 logback [http-nio-9080-exec-7] DEBUG o.s.web.servlet.DispatcherServlet - Last-Modified value for [/toLogin] is: -1
08:46:21.531 logback [http-nio-9080-exec-7] DEBUG o.s.w.s.v.ContentNegotiatingViewResolver - Requested media types are [text/html, application/xhtml+xml, image/webp, image/apng, application/xml;q=0.9, */*;q=0.8] based on Accept header types and producible media types [*/*])
08:46:21.531 logback [http-nio-9080-exec-7] DEBUG o.s.w.s.view.BeanNameViewResolver - No matching bean found for view name 'login'
08:46:21.532 logback [http-nio-9080-exec-7] DEBUG o.s.w.s.v.ContentNegotiatingViewResolver - Returning [org.thymeleaf.spring4.view.ThymeleafView@190570af] based on requested media type 'text/html'
08:46:21.532 logback [http-nio-9080-exec-7] DEBUG o.s.web.servlet.DispatcherServlet - Rendering view [org.thymeleaf.spring4.view.ThymeleafView@190570af] in DispatcherServlet with name 'dispatcherServlet'
08:46:21.534 logback [http-nio-9080-exec-7] DEBUG o.s.web.servlet.DispatcherServlet - Successfully completed request
08:46:21.534 logback [http-nio-9080-exec-7] DEBUG o.s.b.w.f.OrderedRequestContextFilter - Cleared thread-bound request context: org.apache.catalina.connector.RequestFacade@25892065
08:46:21.542 logback [http-nio-9080-exec-5] DEBUG o.s.b.w.f.OrderedRequestContextFilter - Bound request context to thread: org.apache.catalina.connector.RequestFacade@25892065
08:46:21.542 logback [http-nio-9080-exec-5] DEBUG o.s.web.servlet.DispatcherServlet - DispatcherServlet with name 'dispatcherServlet' processing GET request for [/assets/css/jq22.css]
08:46:21.542 logback [http-nio-9080-exec-5] DEBUG o.s.w.s.m.m.a.RequestMappingHandlerMapping - Looking up handler method for path /assets/css/jq22.css
08:46:21.542 logback [http-nio-9080-exec-5] DEBUG o.s.w.s.m.m.a.RequestMappingHandlerMapping - Did not find handler method for [/assets/css/jq22.css]
08:46:21.542 logback [http-nio-9080-exec-5] DEBUG o.s.w.s.h.SimpleUrlHandlerMapping - Matching patterns for request [/assets/css/jq22.css] are [/**]
08:46:21.542 logback [http-nio-9080-exec-5] DEBUG o.s.w.s.h.SimpleUrlHandlerMapping - URI Template variables for request [/assets/css/jq22.css] are {}
08:46:21.542 logback [http-nio-9080-exec-5] DEBUG o.s.w.s.h.SimpleUrlHandlerMapping - Mapping [/assets/css/jq22.css] to HandlerExecutionChain with handler [ResourceHttpRequestHandler [locations=[ServletContext resource [/], class path resource [META-INF/resources/], class path resource [resources/], class path resource [static/], class path resource [public/]], resolvers=[org.springframework.web.servlet.resource.PathResourceResolver@5b1c32e4]]] and 1 interceptor
08:46:21.542 logback [http-nio-9080-exec-5] DEBUG o.s.web.servlet.DispatcherServlet - Last-Modified value for [/assets/css/jq22.css] is: -1
08:46:21.543 logback [http-nio-9080-exec-6] DEBUG o.s.b.w.f.OrderedRequestContextFilter - Bound request context to thread: org.apache.catalina.connector.RequestFacade@138e7a1c
08:46:21.543 logback [http-nio-9080-exec-1] DEBUG o.s.b.w.f.OrderedRequestContextFilter - Bound request context to thread: org.apache.catalina.connector.RequestFacade@659e9d66
08:46:21.544 logback [http-nio-9080-exec-2] DEBUG o.s.b.w.f.OrderedRequestContextFilter - Bound request context to thread: org.apache.catalina.connector.RequestFacade@5b780539
08:46:21.544 logback [http-nio-9080-exec-6] DEBUG o.s.web.servlet.DispatcherServlet - DispatcherServlet with name 'dispatcherServlet' processing GET request for [/assets/css/font-awesome.min.css]
08:46:21.544 logback [http-nio-9080-exec-2] DEBUG o.s.web.servlet.DispatcherServlet - DispatcherServlet with name 'dispatcherServlet' processing GET request for [/assets/js/jquery.messager.js]
08:46:21.544 logback [http-nio-9080-exec-4] DEBUG o.s.b.w.f.OrderedRequestContextFilter - Bound request context to thread: org.apache.catalina.connector.RequestFacade@7a6af04d
08:46:21.544 logback [http-nio-9080-exec-2] DEBUG o.s.w.s.m.m.a.RequestMappingHandlerMapping - Looking up handler method for path /assets/js/jquery.messager.js
08:46:21.544 logback [http-nio-9080-exec-4] DEBUG o.s.web.servlet.DispatcherServlet - DispatcherServlet with name 'dispatcherServlet' processing GET request for [/assets/js/jquery-1.10.2.min.js]
08:46:21.544 logback [http-nio-9080-exec-1] DEBUG o.s.web.servlet.DispatcherServlet - DispatcherServlet with name 'dispatcherServlet' processing GET request for [/assets/js/bootstrap.min.js]
08:46:21.544 logback [http-nio-9080-exec-4] DEBUG o.s.w.s.m.m.a.RequestMappingHandlerMapping - Looking up handler method for path /assets/js/jquery-1.10.2.min.js
08:46:21.544 logback [http-nio-9080-exec-1] DEBUG o.s.w.s.m.m.a.RequestMappingHandlerMapping - Looking up handler method for path /assets/js/bootstrap.min.js
08:46:21.544 logback [http-nio-9080-exec-6] DEBUG o.s.w.s.m.m.a.RequestMappingHandlerMapping - Looking up handler method for path /assets/css/font-awesome.min.css
08:46:21.544 logback [http-nio-9080-exec-5] DEBUG o.s.web.servlet.DispatcherServlet - Null ModelAndView returned to DispatcherServlet with name 'dispatcherServlet': assuming HandlerAdapter completed request handling
08:46:21.544 logback [http-nio-9080-exec-6] DEBUG o.s.w.s.m.m.a.RequestMappingHandlerMapping - Did not find handler method for [/assets/css/font-awesome.min.css]
08:46:21.544 logback [http-nio-9080-exec-2] DEBUG o.s.w.s.m.m.a.RequestMappingHandlerMapping - Did not find handler method for [/assets/js/jquery.messager.js]
08:46:21.544 logback [http-nio-9080-exec-1] DEBUG o.s.w.s.m.m.a.RequestMappingHandlerMapping - Did not find handler method for [/assets/js/bootstrap.min.js]
08:46:21.544 logback [http-nio-9080-exec-4] DEBUG o.s.w.s.m.m.a.RequestMappingHandlerMapping - Did not find handler method for [/assets/js/jquery-1.10.2.min.js]
08:46:21.547 logback [http-nio-9080-exec-1] DEBUG o.s.w.s.h.SimpleUrlHandlerMapping - Matching patterns for request [/assets/js/bootstrap.min.js] are [/**]
08:46:21.547 logback [http-nio-9080-exec-4] DEBUG o.s.w.s.h.SimpleUrlHandlerMapping - Matching patterns for request [/assets/js/jquery-1.10.2.min.js] are [/**]
08:46:21.544 logback [http-nio-9080-exec-5] DEBUG o.s.web.servlet.DispatcherServlet - Successfully completed request
08:46:21.544 logback [http-nio-9080-exec-6] DEBUG o.s.w.s.h.SimpleUrlHandlerMapping - Matching patterns for request [/assets/css/font-awesome.min.css] are [/**]
08:46:21.547 logback [http-nio-9080-exec-2] DEBUG o.s.w.s.h.SimpleUrlHandlerMapping - Matching patterns for request [/assets/js/jquery.messager.js] are [/**]
08:46:21.547 logback [http-nio-9080-exec-6] DEBUG o.s.w.s.h.SimpleUrlHandlerMapping - URI Template variables for request [/assets/css/font-awesome.min.css] are {}
08:46:21.547 logback [http-nio-9080-exec-4] DEBUG o.s.w.s.h.SimpleUrlHandlerMapping - URI Template variables for request [/assets/js/jquery-1.10.2.min.js] are {}
08:46:21.547 logback [http-nio-9080-exec-2] DEBUG o.s.w.s.h.SimpleUrlHandlerMapping - URI Template variables for request [/assets/js/jquery.messager.js] are {}
08:46:21.547 logback [http-nio-9080-exec-1] DEBUG o.s.w.s.h.SimpleUrlHandlerMapping - URI Template variables for request [/assets/js/bootstrap.min.js] are {}
08:46:21.547 logback [http-nio-9080-exec-2] DEBUG o.s.w.s.h.SimpleUrlHandlerMapping - Mapping [/assets/js/jquery.messager.js] to HandlerExecutionChain with handler [ResourceHttpRequestHandler [locations=[ServletContext resource [/], class path resource [META-INF/resources/], class path resource [resources/], class path resource [static/], class path resource [public/]], resolvers=[org.springframework.web.servlet.resource.PathResourceResolver@5b1c32e4]]] and 1 interceptor
08:46:21.547 logback [http-nio-9080-exec-5] DEBUG o.s.b.w.f.OrderedRequestContextFilter - Cleared thread-bound request context: org.apache.catalina.connector.RequestFacade@25892065
08:46:21.547 logback [http-nio-9080-exec-6] DEBUG o.s.w.s.h.SimpleUrlHandlerMapping - Mapping [/assets/css/font-awesome.min.css] to HandlerExecutionChain with handler [ResourceHttpRequestHandler [locations=[ServletContext resource [/], class path resource [META-INF/resources/], class path resource [resources/], class path resource [static/], class path resource [public/]], resolvers=[org.springframework.web.servlet.resource.PathResourceResolver@5b1c32e4]]] and 1 interceptor
08:46:21.547 logback [http-nio-9080-exec-2] DEBUG o.s.web.servlet.DispatcherServlet - Last-Modified value for [/assets/js/jquery.messager.js] is: -1
08:46:21.547 logback [http-nio-9080-exec-4] DEBUG o.s.w.s.h.SimpleUrlHandlerMapping - Mapping [/assets/js/jquery-1.10.2.min.js] to HandlerExecutionChain with handler [ResourceHttpRequestHandler [locations=[ServletContext resource [/], class path resource [META-INF/resources/], class path resource [resources/], class path resource [static/], class path resource [public/]], resolvers=[org.springframework.web.servlet.resource.PathResourceResolver@5b1c32e4]]] and 1 interceptor
08:46:21.547 logback [http-nio-9080-exec-6] DEBUG o.s.web.servlet.DispatcherServlet - Last-Modified value for [/assets/css/font-awesome.min.css] is: -1
08:46:21.547 logback [http-nio-9080-exec-4] DEBUG o.s.web.servlet.DispatcherServlet - Last-Modified value for [/assets/js/jquery-1.10.2.min.js] is: -1
08:46:21.547 logback [http-nio-9080-exec-1] DEBUG o.s.w.s.h.SimpleUrlHandlerMapping - Mapping [/assets/js/bootstrap.min.js] to HandlerExecutionChain with handler [ResourceHttpRequestHandler [locations=[ServletContext resource [/], class path resource [META-INF/resources/], class path resource [resources/], class path resource [static/], class path resource [public/]], resolvers=[org.springframework.web.servlet.resource.PathResourceResolver@5b1c32e4]]] and 1 interceptor
08:46:21.547 logback [http-nio-9080-exec-1] DEBUG o.s.web.servlet.DispatcherServlet - Last-Modified value for [/assets/js/bootstrap.min.js] is: -1
08:46:21.548 logback [http-nio-9080-exec-2] DEBUG o.s.web.servlet.DispatcherServlet - Null ModelAndView returned to DispatcherServlet with name 'dispatcherServlet': assuming HandlerAdapter completed request handling
08:46:21.549 logback [http-nio-9080-exec-4] DEBUG o.s.web.servlet.DispatcherServlet - Null ModelAndView returned to DispatcherServlet with name 'dispatcherServlet': assuming HandlerAdapter completed request handling
08:46:21.549 logback [http-nio-9080-exec-2] DEBUG o.s.web.servlet.DispatcherServlet - Successfully completed request
08:46:21.549 logback [http-nio-9080-exec-6] DEBUG o.s.web.servlet.DispatcherServlet - Null ModelAndView returned to DispatcherServlet with name 'dispatcherServlet': assuming HandlerAdapter completed request handling
08:46:21.549 logback [http-nio-9080-exec-4] DEBUG o.s.web.servlet.DispatcherServlet - Successfully completed request
08:46:21.549 logback [http-nio-9080-exec-6] DEBUG o.s.web.servlet.DispatcherServlet - Successfully completed request
08:46:21.549 logback [http-nio-9080-exec-2] DEBUG o.s.b.w.f.OrderedRequestContextFilter - Cleared thread-bound request context: org.apache.catalina.connector.RequestFacade@5b780539
08:46:21.549 logback [http-nio-9080-exec-4] DEBUG o.s.b.w.f.OrderedRequestContextFilter - Cleared thread-bound request context: org.apache.catalina.connector.RequestFacade@7a6af04d
08:46:21.549 logback [http-nio-9080-exec-6] DEBUG o.s.b.w.f.OrderedRequestContextFilter - Cleared thread-bound request context: org.apache.catalina.connector.RequestFacade@138e7a1c
08:46:21.550 logback [http-nio-9080-exec-1] DEBUG o.s.web.servlet.DispatcherServlet - Null ModelAndView returned to DispatcherServlet with name 'dispatcherServlet': assuming HandlerAdapter completed request handling
08:46:21.550 logback [http-nio-9080-exec-1] DEBUG o.s.web.servlet.DispatcherServlet - Successfully completed request
08:46:21.550 logback [http-nio-9080-exec-1] DEBUG o.s.b.w.f.OrderedRequestContextFilter - Cleared thread-bound request context: org.apache.catalina.connector.RequestFacade@659e9d66
08:46:21.589 logback [http-nio-9080-exec-9] DEBUG o.s.b.w.f.OrderedRequestContextFilter - Bound request context to thread: org.apache.catalina.connector.RequestFacade@659e9d66
08:46:21.589 logback [http-nio-9080-exec-8] DEBUG o.s.b.w.f.OrderedRequestContextFilter - Bound request context to thread: org.apache.catalina.connector.RequestFacade@5b780539
08:46:21.589 logback [http-nio-9080-exec-3] DEBUG o.s.b.w.f.OrderedRequestContextFilter - Bound request context to thread: org.apache.catalina.connector.RequestFacade@7a6af04d
08:46:21.589 logback [http-nio-9080-exec-9] DEBUG o.s.web.servlet.DispatcherServlet - DispatcherServlet with name 'dispatcherServlet' processing GET request for [/assets/images/owl-login@2x.png]
08:46:21.589 logback [http-nio-9080-exec-8] DEBUG o.s.web.servlet.DispatcherServlet - DispatcherServlet with name 'dispatcherServlet' processing GET request for [/assets/images/owl-login-arm@2x.png]
08:46:21.589 logback [http-nio-9080-exec-3] DEBUG o.s.web.servlet.DispatcherServlet - DispatcherServlet with name 'dispatcherServlet' processing GET request for [/assets/font/fontawesome-webfont.woff2]
08:46:21.589 logback [http-nio-9080-exec-8] DEBUG o.s.w.s.m.m.a.RequestMappingHandlerMapping - Looking up handler method for path /assets/images/owl-login-arm@2x.png
08:46:21.589 logback [http-nio-9080-exec-9] DEBUG o.s.w.s.m.m.a.RequestMappingHandlerMapping - Looking up handler method for path /assets/images/owl-login@2x.png
08:46:21.589 logback [http-nio-9080-exec-3] DEBUG o.s.w.s.m.m.a.RequestMappingHandlerMapping - Looking up handler method for path /assets/font/fontawesome-webfont.woff2
08:46:21.589 logback [http-nio-9080-exec-3] DEBUG o.s.w.s.m.m.a.RequestMappingHandlerMapping - Did not find handler method for [/assets/font/fontawesome-webfont.woff2]
08:46:21.589 logback [http-nio-9080-exec-8] DEBUG o.s.w.s.m.m.a.RequestMappingHandlerMapping - Did not find handler method for [/assets/images/owl-login-arm@2x.png]
08:46:21.589 logback [http-nio-9080-exec-9] DEBUG o.s.w.s.m.m.a.RequestMappingHandlerMapping - Did not find handler method for [/assets/images/owl-login@2x.png]
08:46:21.589 logback [http-nio-9080-exec-3] DEBUG o.s.w.s.h.SimpleUrlHandlerMapping - Matching patterns for request [/assets/font/fontawesome-webfont.woff2] are [/**]
08:46:21.589 logback [http-nio-9080-exec-8] DEBUG o.s.w.s.h.SimpleUrlHandlerMapping - Matching patterns for request [/assets/images/owl-login-arm@2x.png] are [/**]
08:46:21.589 logback [http-nio-9080-exec-9] DEBUG o.s.w.s.h.SimpleUrlHandlerMapping - Matching patterns for request [/assets/images/owl-login@2x.png] are [/**]
08:46:21.589 logback [http-nio-9080-exec-8] DEBUG o.s.w.s.h.SimpleUrlHandlerMapping - URI Template variables for request [/assets/images/owl-login-arm@2x.png] are {}
08:46:21.589 logback [http-nio-9080-exec-3] DEBUG o.s.w.s.h.SimpleUrlHandlerMapping - URI Template variables for request [/assets/font/fontawesome-webfont.woff2] are {}
08:46:21.589 logback [http-nio-9080-exec-9] DEBUG o.s.w.s.h.SimpleUrlHandlerMapping - URI Template variables for request [/assets/images/owl-login@2x.png] are {}
08:46:21.589 logback [http-nio-9080-exec-3] DEBUG o.s.w.s.h.SimpleUrlHandlerMapping - Mapping [/assets/font/fontawesome-webfont.woff2] to HandlerExecutionChain with handler [ResourceHttpRequestHandler [locations=[ServletContext resource [/], class path resource [META-INF/resources/], class path resource [resources/], class path resource [static/], class path resource [public/]], resolvers=[org.springframework.web.servlet.resource.PathResourceResolver@5b1c32e4]]] and 1 interceptor
08:46:21.589 logback [http-nio-9080-exec-8] DEBUG o.s.w.s.h.SimpleUrlHandlerMapping - Mapping [/assets/images/owl-login-arm@2x.png] to HandlerExecutionChain with handler [ResourceHttpRequestHandler [locations=[ServletContext resource [/], class path resource [META-INF/resources/], class path resource [resources/], class path resource [static/], class path resource [public/]], resolvers=[org.springframework.web.servlet.resource.PathResourceResolver@5b1c32e4]]] and 1 interceptor
08:46:21.589 logback [http-nio-9080-exec-9] DEBUG o.s.w.s.h.SimpleUrlHandlerMapping - Mapping [/assets/images/owl-login@2x.png] to HandlerExecutionChain with handler [ResourceHttpRequestHandler [locations=[ServletContext resource [/], class path resource [META-INF/resources/], class path resource [resources/], class path resource [static/], class path resource [public/]], resolvers=[org.springframework.web.servlet.resource.PathResourceResolver@5b1c32e4]]] and 1 interceptor
08:46:21.590 logback [http-nio-9080-exec-8] DEBUG o.s.web.servlet.DispatcherServlet - Last-Modified value for [/assets/images/owl-login-arm@2x.png] is: -1
08:46:21.590 logback [http-nio-9080-exec-3] DEBUG o.s.web.servlet.DispatcherServlet - Last-Modified value for [/assets/font/fontawesome-webfont.woff2] is: -1
08:46:21.594 logback [http-nio-9080-exec-9] DEBUG o.s.web.servlet.DispatcherServlet - Last-Modified value for [/assets/images/owl-login@2x.png] is: -1
08:46:21.594 logback [http-nio-9080-exec-3] DEBUG o.s.web.cors.DefaultCorsProcessor - Skip CORS processing: request is from same origin
08:46:21.595 logback [http-nio-9080-exec-3] DEBUG o.s.web.servlet.DispatcherServlet - Null ModelAndView returned to DispatcherServlet with name 'dispatcherServlet': assuming HandlerAdapter completed request handling
08:46:21.595 logback [http-nio-9080-exec-8] DEBUG o.s.web.servlet.DispatcherServlet - Null ModelAndView returned to DispatcherServlet with name 'dispatcherServlet': assuming HandlerAdapter completed request handling
08:46:21.595 logback [http-nio-9080-exec-9] DEBUG o.s.web.servlet.DispatcherServlet - Null ModelAndView returned to DispatcherServlet with name 'dispatcherServlet': assuming HandlerAdapter completed request handling
08:46:21.595 logback [http-nio-9080-exec-3] DEBUG o.s.web.servlet.DispatcherServlet - Successfully completed request
08:46:21.595 logback [http-nio-9080-exec-8] DEBUG o.s.web.servlet.DispatcherServlet - Successfully completed request
08:46:21.595 logback [http-nio-9080-exec-9] DEBUG o.s.web.servlet.DispatcherServlet - Successfully completed request
08:46:21.595 logback [http-nio-9080-exec-8] DEBUG o.s.b.w.f.OrderedRequestContextFilter - Cleared thread-bound request context: org.apache.catalina.connector.RequestFacade@5b780539
08:46:21.595 logback [http-nio-9080-exec-9] DEBUG o.s.b.w.f.OrderedRequestContextFilter - Cleared thread-bound request context: org.apache.catalina.connector.RequestFacade@659e9d66
08:46:21.595 logback [http-nio-9080-exec-3] DEBUG o.s.b.w.f.OrderedRequestContextFilter - Cleared thread-bound request context: org.apache.catalina.connector.RequestFacade@7a6af04d
08:49:50.985 logback [http-nio-9080-exec-4] DEBUG o.s.b.w.f.OrderedRequestContextFilter - Bound request context to thread: org.apache.catalina.connector.RequestFacade@5b780539
08:49:50.985 logback [http-nio-9080-exec-4] DEBUG o.s.web.servlet.DispatcherServlet - DispatcherServlet with name 'dispatcherServlet' processing GET request for [/learn]
08:49:50.985 logback [http-nio-9080-exec-4] DEBUG o.s.w.s.m.m.a.RequestMappingHandlerMapping - Looking up handler method for path /learn
08:49:50.985 logback [http-nio-9080-exec-4] DEBUG o.s.w.s.m.m.a.RequestMappingHandlerMapping - Returning handler method [public java.lang.String com.liyashe.controller.LearnController.learn()]
08:49:50.985 logback [http-nio-9080-exec-4] DEBUG o.s.b.f.s.DefaultListableBeanFactory - Returning cached instance of singleton bean 'learnController'
08:49:50.985 logback [http-nio-9080-exec-4] DEBUG o.s.web.servlet.DispatcherServlet - Last-Modified value for [/learn] is: -1
08:49:50.985 logback [http-nio-9080-exec-4] DEBUG o.s.web.servlet.DispatcherServlet - Successfully completed request
08:49:50.985 logback [http-nio-9080-exec-4] DEBUG o.s.b.w.f.OrderedRequestContextFilter - Cleared thread-bound request context: org.apache.catalina.connector.RequestFacade@5b780539
08:49:50.988 logback [http-nio-9080-exec-1] DEBUG o.s.b.w.f.OrderedRequestContextFilter - Bound request context to thread: org.apache.catalina.connector.RequestFacade@5b780539
08:49:50.988 logback [http-nio-9080-exec-1] DEBUG o.s.web.servlet.DispatcherServlet - DispatcherServlet with name 'dispatcherServlet' processing GET request for [/toLogin]
08:49:50.988 logback [http-nio-9080-exec-1] DEBUG o.s.w.s.m.m.a.RequestMappingHandlerMapping - Looking up handler method for path /toLogin
08:49:50.988 logback [http-nio-9080-exec-1] DEBUG o.s.w.s.m.m.a.RequestMappingHandlerMapping - Did not find handler method for [/toLogin]
08:49:50.988 logback [http-nio-9080-exec-1] DEBUG o.s.w.s.h.SimpleUrlHandlerMapping - Mapping [/toLogin] to HandlerExecutionChain with handler [org.springframework.web.servlet.mvc.ParameterizableViewController@78b7e627] and 1 interceptor
08:49:50.988 logback [http-nio-9080-exec-1] DEBUG o.s.web.servlet.DispatcherServlet - Last-Modified value for [/toLogin] is: -1
08:49:50.988 logback [http-nio-9080-exec-1] DEBUG o.s.w.s.v.ContentNegotiatingViewResolver - Requested media types are [text/html, application/xhtml+xml, image/webp, image/apng, application/xml;q=0.9, */*;q=0.8] based on Accept header types and producible media types [*/*])
08:49:50.988 logback [http-nio-9080-exec-1] DEBUG o.s.w.s.view.BeanNameViewResolver - No matching bean found for view name 'login'
08:49:50.989 logback [http-nio-9080-exec-1] DEBUG o.s.w.s.v.ContentNegotiatingViewResolver - Returning [org.thymeleaf.spring4.view.ThymeleafView@a7761bd] based on requested media type 'text/html'
08:49:50.989 logback [http-nio-9080-exec-1] DEBUG o.s.web.servlet.DispatcherServlet - Rendering view [org.thymeleaf.spring4.view.ThymeleafView@a7761bd] in DispatcherServlet with name 'dispatcherServlet'
08:49:50.990 logback [http-nio-9080-exec-1] DEBUG o.s.web.servlet.DispatcherServlet - Successfully completed request
08:49:50.990 logback [http-nio-9080-exec-1] DEBUG o.s.b.w.f.OrderedRequestContextFilter - Cleared thread-bound request context: org.apache.catalina.connector.RequestFacade@5b780539
08:49:55.239 logback [http-nio-9080-exec-3] DEBUG o.s.b.w.f.OrderedRequestContextFilter - Bound request context to thread: org.apache.catalina.connector.RequestFacade@5b780539
08:49:55.239 logback [http-nio-9080-exec-3] DEBUG o.s.web.servlet.DispatcherServlet - DispatcherServlet with name 'dispatcherServlet' processing GET request for [/index]
08:49:55.240 logback [http-nio-9080-exec-3] DEBUG o.s.w.s.m.m.a.RequestMappingHandlerMapping - Looking up handler method for path /index
08:49:55.240 logback [http-nio-9080-exec-3] DEBUG o.s.w.s.m.m.a.RequestMappingHandlerMapping - Returning handler method [public java.lang.String com.liyashe.controller.IndexController.index()]
08:49:55.240 logback [http-nio-9080-exec-3] DEBUG o.s.b.f.s.DefaultListableBeanFactory - Returning cached instance of singleton bean 'indexController'
08:49:55.240 logback [http-nio-9080-exec-3] DEBUG o.s.web.servlet.DispatcherServlet - Last-Modified value for [/index] is: -1
08:49:55.240 logback [http-nio-9080-exec-3] DEBUG o.s.web.servlet.DispatcherServlet - Successfully completed request
08:49:55.240 logback [http-nio-9080-exec-3] DEBUG o.s.b.w.f.OrderedRequestContextFilter - Cleared thread-bound request context: org.apache.catalina.connector.RequestFacade@5b780539
08:49:55.243 logback [http-nio-9080-exec-8] DEBUG o.s.b.w.f.OrderedRequestContextFilter - Bound request context to thread: org.apache.catalina.connector.RequestFacade@5b780539
08:49:55.243 logback [http-nio-9080-exec-8] DEBUG o.s.web.servlet.DispatcherServlet - DispatcherServlet with name 'dispatcherServlet' processing GET request for [/toLogin]
08:49:55.243 logback [http-nio-9080-exec-8] DEBUG o.s.w.s.m.m.a.RequestMappingHandlerMapping - Looking up handler method for path /toLogin
08:49:55.243 logback [http-nio-9080-exec-8] DEBUG o.s.w.s.m.m.a.RequestMappingHandlerMapping - Did not find handler method for [/toLogin]
08:49:55.243 logback [http-nio-9080-exec-8] DEBUG o.s.w.s.h.SimpleUrlHandlerMapping - Mapping [/toLogin] to HandlerExecutionChain with handler [org.springframework.web.servlet.mvc.ParameterizableViewController@78b7e627] and 1 interceptor
08:49:55.243 logback [http-nio-9080-exec-8] DEBUG o.s.web.servlet.DispatcherServlet - Last-Modified value for [/toLogin] is: -1
08:49:55.243 logback [http-nio-9080-exec-8] DEBUG o.s.w.s.v.ContentNegotiatingViewResolver - Requested media types are [text/html, application/xhtml+xml, image/webp, image/apng, application/xml;q=0.9, */*;q=0.8] based on Accept header types and producible media types [*/*])
08:49:55.244 logback [http-nio-9080-exec-8] DEBUG o.s.w.s.view.BeanNameViewResolver - No matching bean found for view name 'login'
08:49:55.244 logback [http-nio-9080-exec-8] DEBUG o.s.w.s.v.ContentNegotiatingViewResolver - Returning [org.thymeleaf.spring4.view.ThymeleafView@42b59530] based on requested media type 'text/html'
08:49:55.244 logback [http-nio-9080-exec-8] DEBUG o.s.web.servlet.DispatcherServlet - Rendering view [org.thymeleaf.spring4.view.ThymeleafView@42b59530] in DispatcherServlet with name 'dispatcherServlet'
08:49:55.246 logback [http-nio-9080-exec-8] DEBUG o.s.web.servlet.DispatcherServlet - Successfully completed request
08:49:55.246 logback [http-nio-9080-exec-8] DEBUG o.s.b.w.f.OrderedRequestContextFilter - Cleared thread-bound request context: org.apache.catalina.connector.RequestFacade@5b780539
08:50:02.080 logback [http-nio-9080-exec-9] DEBUG o.s.b.w.f.OrderedRequestContextFilter - Bound request context to thread: org.apache.catalina.connector.RequestFacade@5b780539
08:50:02.080 logback [http-nio-9080-exec-9] DEBUG o.s.web.servlet.DispatcherServlet - DispatcherServlet with name 'dispatcherServlet' processing POST request for [/login]
08:50:02.080 logback [http-nio-9080-exec-9] DEBUG o.s.w.s.m.m.a.RequestMappingHandlerMapping - Looking up handler method for path /login
08:50:02.080 logback [http-nio-9080-exec-9] DEBUG o.s.w.s.m.m.a.RequestMappingHandlerMapping - Returning handler method [public java.util.Map<java.lang.String, java.lang.Object> com.liyashe.controller.LoginController.login(javax.servlet.http.HttpServletRequest,javax.servlet.http.HttpServletResponse)]
08:50:02.080 logback [http-nio-9080-exec-9] DEBUG o.s.b.f.s.DefaultListableBeanFactory - Returning cached instance of singleton bean 'loginController'
08:50:02.080 logback [http-nio-9080-exec-9] DEBUG o.s.web.cors.DefaultCorsProcessor - Skip CORS processing: request is from same origin
08:50:02.081 logback [http-nio-9080-exec-9] DEBUG o.s.w.s.m.m.a.RequestResponseBodyMethodProcessor - Written [{result=1}] as "application/json" using [com.alibaba.fastjson.support.spring.FastJsonHttpMessageConverter@5e28a9ad]
08:50:02.081 logback [http-nio-9080-exec-9] DEBUG o.s.web.servlet.DispatcherServlet - Null ModelAndView returned to DispatcherServlet with name 'dispatcherServlet': assuming HandlerAdapter completed request handling
08:50:02.081 logback [http-nio-9080-exec-9] DEBUG o.s.web.servlet.DispatcherServlet - Successfully completed request
08:50:02.081 logback [http-nio-9080-exec-9] DEBUG o.s.b.w.f.OrderedRequestContextFilter - Cleared thread-bound request context: org.apache.catalina.connector.RequestFacade@5b780539
08:50:02.086 logback [http-nio-9080-exec-5] DEBUG o.s.b.w.f.OrderedRequestContextFilter - Bound request context to thread: org.apache.catalina.connector.RequestFacade@5b780539
08:50:02.086 logback [http-nio-9080-exec-5] DEBUG o.s.web.servlet.DispatcherServlet - DispatcherServlet with name 'dispatcherServlet' processing GET request for [/index]
08:50:02.086 logback [http-nio-9080-exec-5] DEBUG o.s.w.s.m.m.a.RequestMappingHandlerMapping - Looking up handler method for path /index
08:50:02.087 logback [http-nio-9080-exec-5] DEBUG o.s.w.s.m.m.a.RequestMappingHandlerMapping - Returning handler method [public java.lang.String com.liyashe.controller.IndexController.index()]
08:50:02.087 logback [http-nio-9080-exec-5] DEBUG o.s.b.f.s.DefaultListableBeanFactory - Returning cached instance of singleton bean 'indexController'
08:50:02.087 logback [http-nio-9080-exec-5] DEBUG o.s.web.servlet.DispatcherServlet - Last-Modified value for [/index] is: -1
08:50:02.087 logback [http-nio-9080-exec-5] DEBUG o.s.w.s.v.ContentNegotiatingViewResolver - Requested media types are [text/html, application/xhtml+xml, image/webp, image/apng, application/xml;q=0.9, */*;q=0.8] based on Accept header types and producible media types [*/*])
08:50:02.087 logback [http-nio-9080-exec-5] DEBUG o.s.w.s.view.BeanNameViewResolver - No matching bean found for view name 'index'
08:50:02.087 logback [http-nio-9080-exec-5] DEBUG o.s.w.s.v.ContentNegotiatingViewResolver - Returning [org.thymeleaf.spring4.view.ThymeleafView@51bc7d7e] based on requested media type 'text/html'
08:50:02.087 logback [http-nio-9080-exec-5] DEBUG o.s.web.servlet.DispatcherServlet - Rendering view [org.thymeleaf.spring4.view.ThymeleafView@51bc7d7e] in DispatcherServlet with name 'dispatcherServlet'
08:50:02.093 logback [http-nio-9080-exec-5] DEBUG o.s.web.servlet.DispatcherServlet - Successfully completed request
08:50:02.093 logback [http-nio-9080-exec-5] DEBUG o.s.b.w.f.OrderedRequestContextFilter - Cleared thread-bound request context: org.apache.catalina.connector.RequestFacade@5b780539
08:50:02.100 logback [http-nio-9080-exec-10] DEBUG o.s.b.w.f.OrderedRequestContextFilter - Bound request context to thread: org.apache.catalina.connector.RequestFacade@5b780539
08:50:02.100 logback [http-nio-9080-exec-10] DEBUG o.s.web.servlet.DispatcherServlet - DispatcherServlet with name 'dispatcherServlet' processing GET request for [/assets/css/bootstrap.min.css]
08:50:02.101 logback [http-nio-9080-exec-10] DEBUG o.s.w.s.m.m.a.RequestMappingHandlerMapping - Looking up handler method for path /assets/css/bootstrap.min.css
08:50:02.101 logback [http-nio-9080-exec-10] DEBUG o.s.w.s.m.m.a.RequestMappingHandlerMapping - Did not find handler method for [/assets/css/bootstrap.min.css]
08:50:02.101 logback [http-nio-9080-exec-10] DEBUG o.s.w.s.h.SimpleUrlHandlerMapping - Matching patterns for request [/assets/css/bootstrap.min.css] are [/**]
08:50:02.101 logback [http-nio-9080-exec-10] DEBUG o.s.w.s.h.SimpleUrlHandlerMapping - URI Template variables for request [/assets/css/bootstrap.min.css] are {}
08:50:02.101 logback [http-nio-9080-exec-10] DEBUG o.s.w.s.h.SimpleUrlHandlerMapping - Mapping [/assets/css/bootstrap.min.css] to HandlerExecutionChain with handler [ResourceHttpRequestHandler [locations=[ServletContext resource [/], class path resource [META-INF/resources/], class path resource [resources/], class path resource [static/], class path resource [public/]], resolvers=[org.springframework.web.servlet.resource.PathResourceResolver@5b1c32e4]]] and 1 interceptor
08:50:02.101 logback [http-nio-9080-exec-10] DEBUG o.s.web.servlet.DispatcherServlet - Last-Modified value for [/assets/css/bootstrap.min.css] is: -1
08:50:02.101 logback [http-nio-9080-exec-10] DEBUG o.s.web.servlet.DispatcherServlet - Null ModelAndView returned to DispatcherServlet with name 'dispatcherServlet': assuming HandlerAdapter completed request handling
08:50:02.101 logback [http-nio-9080-exec-10] DEBUG o.s.web.servlet.DispatcherServlet - Successfully completed request
08:50:02.101 logback [http-nio-9080-exec-10] DEBUG o.s.b.w.f.OrderedRequestContextFilter - Cleared thread-bound request context: org.apache.catalina.connector.RequestFacade@5b780539
08:50:02.104 logback [http-nio-9080-exec-6] DEBUG o.s.b.w.f.OrderedRequestContextFilter - Bound request context to thread: org.apache.catalina.connector.RequestFacade@5b780539
08:50:02.104 logback [http-nio-9080-exec-6] DEBUG o.s.web.servlet.DispatcherServlet - DispatcherServlet with name 'dispatcherServlet' processing GET request for [/assets/css/jquery-ui-1.10.3.full.min.css]
08:50:02.104 logback [http-nio-9080-exec-6] DEBUG o.s.w.s.m.m.a.RequestMappingHandlerMapping - Looking up handler method for path /assets/css/jquery-ui-1.10.3.full.min.css
08:50:02.105 logback [http-nio-9080-exec-6] DEBUG o.s.w.s.m.m.a.RequestMappingHandlerMapping - Did not find handler method for [/assets/css/jquery-ui-1.10.3.full.min.css]
08:50:02.105 logback [http-nio-9080-exec-7] DEBUG o.s.b.w.f.OrderedRequestContextFilter - Bound request context to thread: org.apache.catalina.connector.RequestFacade@659e9d66
08:50:02.105 logback [http-nio-9080-exec-6] DEBUG o.s.w.s.h.SimpleUrlHandlerMapping - Matching patterns for request [/assets/css/jquery-ui-1.10.3.full.min.css] are [/**]
08:50:02.105 logback [http-nio-9080-exec-7] DEBUG o.s.web.servlet.DispatcherServlet - DispatcherServlet with name 'dispatcherServlet' processing GET request for [/assets/css/datepicker.css]
08:50:02.105 logback [http-nio-9080-exec-6] DEBUG o.s.w.s.h.SimpleUrlHandlerMapping - URI Template variables for request [/assets/css/jquery-ui-1.10.3.full.min.css] are {}
08:50:02.105 logback [http-nio-9080-exec-7] DEBUG o.s.w.s.m.m.a.RequestMappingHandlerMapping - Looking up handler method for path /assets/css/datepicker.css
08:50:02.105 logback [http-nio-9080-exec-6] DEBUG o.s.w.s.h.SimpleUrlHandlerMapping - Mapping [/assets/css/jquery-ui-1.10.3.full.min.css] to HandlerExecutionChain with handler [ResourceHttpRequestHandler [locations=[ServletContext resource [/], class path resource [META-INF/resources/], class path resource [resources/], class path resource [static/], class path resource [public/]], resolvers=[org.springframework.web.servlet.resource.PathResourceResolver@5b1c32e4]]] and 1 interceptor
08:50:02.105 logback [http-nio-9080-exec-2] DEBUG o.s.b.w.f.OrderedRequestContextFilter - Bound request context to thread: org.apache.catalina.connector.RequestFacade@7a6af04d
08:50:02.105 logback [http-nio-9080-exec-6] DEBUG o.s.web.servlet.DispatcherServlet - Last-Modified value for [/assets/css/jquery-ui-1.10.3.full.min.css] is: -1
08:50:02.105 logback [http-nio-9080-exec-2] DEBUG o.s.web.servlet.DispatcherServlet - DispatcherServlet with name 'dispatcherServlet' processing GET request for [/assets/css/googleFamily.css]
08:50:02.105 logback [http-nio-9080-exec-2] DEBUG o.s.w.s.m.m.a.RequestMappingHandlerMapping - Looking up handler method for path /assets/css/googleFamily.css
08:50:02.105 logback [http-nio-9080-exec-7] DEBUG o.s.w.s.m.m.a.RequestMappingHandlerMapping - Did not find handler method for [/assets/css/datepicker.css]
08:50:02.105 logback [http-nio-9080-exec-7] DEBUG o.s.w.s.h.SimpleUrlHandlerMapping - Matching patterns for request [/assets/css/datepicker.css] are [/**]
08:50:02.105 logback [http-nio-9080-exec-2] DEBUG o.s.w.s.m.m.a.RequestMappingHandlerMapping - Did not find handler method for [/assets/css/googleFamily.css]
08:50:02.105 logback [http-nio-9080-exec-7] DEBUG o.s.w.s.h.SimpleUrlHandlerMapping - URI Template variables for request [/assets/css/datepicker.css] are {}
08:50:02.105 logback [http-nio-9080-exec-2] DEBUG o.s.w.s.h.SimpleUrlHandlerMapping - Matching patterns for request [/assets/css/googleFamily.css] are [/**]
08:50:02.105 logback [http-nio-9080-exec-7] DEBUG o.s.w.s.h.SimpleUrlHandlerMapping - Mapping [/assets/css/datepicker.css] to HandlerExecutionChain with handler [ResourceHttpRequestHandler [locations=[ServletContext resource [/], class path resource [META-INF/resources/], class path resource [resources/], class path resource [static/], class path resource [public/]], resolvers=[org.springframework.web.servlet.resource.PathResourceResolver@5b1c32e4]]] and 1 interceptor
08:50:02.105 logback [http-nio-9080-exec-2] DEBUG o.s.w.s.h.SimpleUrlHandlerMapping - URI Template variables for request [/assets/css/googleFamily.css] are {}
08:50:02.105 logback [http-nio-9080-exec-7] DEBUG o.s.web.servlet.DispatcherServlet - Last-Modified value for [/assets/css/datepicker.css] is: -1
08:50:02.106 logback [http-nio-9080-exec-6] DEBUG o.s.web.servlet.DispatcherServlet - Null ModelAndView returned to DispatcherServlet with name 'dispatcherServlet': assuming HandlerAdapter completed request handling
08:50:02.106 logback [http-nio-9080-exec-4] DEBUG o.s.b.w.f.OrderedRequestContextFilter - Bound request context to thread: org.apache.catalina.connector.RequestFacade@138e7a1c
08:50:02.108 logback [http-nio-9080-exec-6] DEBUG o.s.web.servlet.DispatcherServlet - Successfully completed request
08:50:02.106 logback [http-nio-9080-exec-1] DEBUG o.s.b.w.f.OrderedRequestContextFilter - Bound request context to thread: org.apache.catalina.connector.RequestFacade@25892065
08:50:02.108 logback [http-nio-9080-exec-4] DEBUG o.s.web.servlet.DispatcherServlet - DispatcherServlet with name 'dispatcherServlet' processing GET request for [/assets/css/ui.jqgrid.css]
08:50:02.107 logback [http-nio-9080-exec-3] DEBUG o.s.b.w.f.OrderedRequestContextFilter - Bound request context to thread: org.apache.catalina.connector.RequestFacade@213be8d5
08:50:02.108 logback [http-nio-9080-exec-6] DEBUG o.s.b.w.f.OrderedRequestContextFilter - Cleared thread-bound request context: org.apache.catalina.connector.RequestFacade@5b780539
08:50:02.108 logback [http-nio-9080-exec-4] DEBUG o.s.w.s.m.m.a.RequestMappingHandlerMapping - Looking up handler method for path /assets/css/ui.jqgrid.css
08:50:02.108 logback [http-nio-9080-exec-2] DEBUG o.s.w.s.h.SimpleUrlHandlerMapping - Mapping [/assets/css/googleFamily.css] to HandlerExecutionChain with handler [ResourceHttpRequestHandler [locations=[ServletContext resource [/], class path resource [META-INF/resources/], class path resource [resources/], class path resource [static/], class path resource [public/]], resolvers=[org.springframework.web.servlet.resource.PathResourceResolver@5b1c32e4]]] and 1 interceptor
08:50:02.108 logback [http-nio-9080-exec-3] DEBUG o.s.web.servlet.DispatcherServlet - DispatcherServlet with name 'dispatcherServlet' processing GET request for [/assets/css/custom.css]
08:50:02.108 logback [http-nio-9080-exec-1] DEBUG o.s.web.servlet.DispatcherServlet - DispatcherServlet with name 'dispatcherServlet' processing GET request for [/assets/css/chosen.css]
08:50:02.108 logback [http-nio-9080-exec-2] DEBUG o.s.web.servlet.DispatcherServlet - Last-Modified value for [/assets/css/googleFamily.css] is: -1
08:50:02.108 logback [http-nio-9080-exec-3] DEBUG o.s.w.s.m.m.a.RequestMappingHandlerMapping - Looking up handler method for path /assets/css/custom.css
08:50:02.108 logback [http-nio-9080-exec-1] DEBUG o.s.w.s.m.m.a.RequestMappingHandlerMapping - Looking up handler method for path /assets/css/chosen.css
08:50:02.108 logback [http-nio-9080-exec-4] DEBUG o.s.w.s.m.m.a.RequestMappingHandlerMapping - Did not find handler method for [/assets/css/ui.jqgrid.css]
08:50:02.108 logback [http-nio-9080-exec-4] DEBUG o.s.w.s.h.SimpleUrlHandlerMapping - Matching patterns for request [/assets/css/ui.jqgrid.css] are [/**]
08:50:02.108 logback [http-nio-9080-exec-4] DEBUG o.s.w.s.h.SimpleUrlHandlerMapping - URI Template variables for request [/assets/css/ui.jqgrid.css] are {}
08:50:02.108 logback [http-nio-9080-exec-4] DEBUG o.s.w.s.h.SimpleUrlHandlerMapping - Mapping [/assets/css/ui.jqgrid.css] to HandlerExecutionChain with handler [ResourceHttpRequestHandler [locations=[ServletContext resource [/], class path resource [META-INF/resources/], class path resource [resources/], class path resource [static/], class path resource [public/]], resolvers=[org.springframework.web.servlet.resource.PathResourceResolver@5b1c32e4]]] and 1 interceptor
08:50:02.108 logback [http-nio-9080-exec-1] DEBUG o.s.w.s.m.m.a.RequestMappingHandlerMapping - Did not find handler method for [/assets/css/chosen.css]
08:50:02.108 logback [http-nio-9080-exec-1] DEBUG o.s.w.s.h.SimpleUrlHandlerMapping - Matching patterns for request [/assets/css/chosen.css] are [/**]
08:50:02.108 logback [http-nio-9080-exec-4] DEBUG o.s.web.servlet.DispatcherServlet - Last-Modified value for [/assets/css/ui.jqgrid.css] is: -1
08:50:02.108 logback [http-nio-9080-exec-1] DEBUG o.s.w.s.h.SimpleUrlHandlerMapping - URI Template variables for request [/assets/css/chosen.css] are {}
08:50:02.110 logback [http-nio-9080-exec-1] DEBUG o.s.w.s.h.SimpleUrlHandlerMapping - Mapping [/assets/css/chosen.css] to HandlerExecutionChain with handler [ResourceHttpRequestHandler [locations=[ServletContext resource [/], class path resource [META-INF/resources/], class path resource [resources/], class path resource [static/], class path resource [public/]], resolvers=[org.springframework.web.servlet.resource.PathResourceResolver@5b1c32e4]]] and 1 interceptor
08:50:02.108 logback [http-nio-9080-exec-3] DEBUG o.s.w.s.m.m.a.RequestMappingHandlerMapping - Did not find handler method for [/assets/css/custom.css]
08:50:02.110 logback [http-nio-9080-exec-1] DEBUG o.s.web.servlet.DispatcherServlet - Last-Modified value for [/assets/css/chosen.css] is: -1
08:50:02.110 logback [http-nio-9080-exec-3] DEBUG o.s.w.s.h.SimpleUrlHandlerMapping - Matching patterns for request [/assets/css/custom.css] are [/**]
08:50:02.110 logback [http-nio-9080-exec-3] DEBUG o.s.w.s.h.SimpleUrlHandlerMapping - URI Template variables for request [/assets/css/custom.css] are {}
08:50:02.109 logback [http-nio-9080-exec-7] DEBUG o.s.web.servlet.DispatcherServlet - Null ModelAndView returned to DispatcherServlet with name 'dispatcherServlet': assuming HandlerAdapter completed request handling
08:50:02.109 logback [http-nio-9080-exec-2] DEBUG o.s.web.servlet.DispatcherServlet - Null ModelAndView returned to DispatcherServlet with name 'dispatcherServlet': assuming HandlerAdapter completed request handling
08:50:02.110 logback [http-nio-9080-exec-7] DEBUG o.s.web.servlet.DispatcherServlet - Successfully completed request
08:50:02.109 logback [http-nio-9080-exec-4] DEBUG o.s.web.servlet.DispatcherServlet - Null ModelAndView returned to DispatcherServlet with name 'dispatcherServlet': assuming HandlerAdapter completed request handling
08:50:02.110 logback [http-nio-9080-exec-2] DEBUG o.s.web.servlet.DispatcherServlet - Successfully completed request
08:50:02.110 logback [http-nio-9080-exec-8] DEBUG o.s.b.w.f.OrderedRequestContextFilter - Bound request context to thread: org.apache.catalina.connector.RequestFacade@5b780539
08:50:02.110 logback [http-nio-9080-exec-4] DEBUG o.s.web.servlet.DispatcherServlet - Successfully completed request
08:50:02.110 logback [http-nio-9080-exec-7] DEBUG o.s.b.w.f.OrderedRequestContextFilter - Cleared thread-bound request context: org.apache.catalina.connector.RequestFacade@659e9d66
08:50:02.110 logback [http-nio-9080-exec-2] DEBUG o.s.b.w.f.OrderedRequestContextFilter - Cleared thread-bound request context: org.apache.catalina.connector.RequestFacade@7a6af04d
08:50:02.110 logback [http-nio-9080-exec-3] DEBUG o.s.w.s.h.SimpleUrlHandlerMapping - Mapping [/assets/css/custom.css] to HandlerExecutionChain with handler [ResourceHttpRequestHandler [locations=[ServletContext resource [/], class path resource [META-INF/resources/], class path resource [resources/], class path resource [static/], class path resource [public/]], resolvers=[org.springframework.web.servlet.resource.PathResourceResolver@5b1c32e4]]] and 1 interceptor
08:50:02.110 logback [http-nio-9080-exec-8] DEBUG o.s.web.servlet.DispatcherServlet - DispatcherServlet with name 'dispatcherServlet' processing GET request for [/assets/css/ace.min.css]
08:50:02.110 logback [http-nio-9080-exec-3] DEBUG o.s.web.servlet.DispatcherServlet - Last-Modified value for [/assets/css/custom.css] is: -1
08:50:02.110 logback [http-nio-9080-exec-8] DEBUG o.s.w.s.m.m.a.RequestMappingHandlerMapping - Looking up handler method for path /assets/css/ace.min.css
08:50:02.111 logback [http-nio-9080-exec-1] DEBUG o.s.web.servlet.DispatcherServlet - Null ModelAndView returned to DispatcherServlet with name 'dispatcherServlet': assuming HandlerAdapter completed request handling
08:50:02.111 logback [http-nio-9080-exec-1] DEBUG o.s.web.servlet.DispatcherServlet - Successfully completed request
08:50:02.110 logback [http-nio-9080-exec-4] DEBUG o.s.b.w.f.OrderedRequestContextFilter - Cleared thread-bound request context: org.apache.catalina.connector.RequestFacade@138e7a1c
08:50:02.111 logback [http-nio-9080-exec-1] DEBUG o.s.b.w.f.OrderedRequestContextFilter - Cleared thread-bound request context: org.apache.catalina.connector.RequestFacade@25892065
08:50:02.111 logback [http-nio-9080-exec-8] DEBUG o.s.w.s.m.m.a.RequestMappingHandlerMapping - Did not find handler method for [/assets/css/ace.min.css]
08:50:02.112 logback [http-nio-9080-exec-3] DEBUG o.s.web.servlet.DispatcherServlet - Null ModelAndView returned to DispatcherServlet with name 'dispatcherServlet': assuming HandlerAdapter completed request handling
08:50:02.112 logback [http-nio-9080-exec-8] DEBUG o.s.w.s.h.SimpleUrlHandlerMapping - Matching patterns for request [/assets/css/ace.min.css] are [/**]
08:50:02.112 logback [http-nio-9080-exec-3] DEBUG o.s.web.servlet.DispatcherServlet - Successfully completed request
08:50:02.112 logback [http-nio-9080-exec-8] DEBUG o.s.w.s.h.SimpleUrlHandlerMapping - URI Template variables for request [/assets/css/ace.min.css] are {}
08:50:02.112 logback [http-nio-9080-exec-8] DEBUG o.s.w.s.h.SimpleUrlHandlerMapping - Mapping [/assets/css/ace.min.css] to HandlerExecutionChain with handler [ResourceHttpRequestHandler [locations=[ServletContext resource [/], class path resource [META-INF/resources/], class path resource [resources/], class path resource [static/], class path resource [public/]], resolvers=[org.springframework.web.servlet.resource.PathResourceResolver@5b1c32e4]]] and 1 interceptor
08:50:02.112 logback [http-nio-9080-exec-3] DEBUG o.s.b.w.f.OrderedRequestContextFilter - Cleared thread-bound request context: org.apache.catalina.connector.RequestFacade@213be8d5
08:50:02.112 logback [http-nio-9080-exec-8] DEBUG o.s.web.servlet.DispatcherServlet - Last-Modified value for [/assets/css/ace.min.css] is: -1
08:50:02.113 logback [http-nio-9080-exec-9] DEBUG o.s.b.w.f.OrderedRequestContextFilter - Bound request context to thread: org.apache.catalina.connector.RequestFacade@138e7a1c
08:50:02.113 logback [http-nio-9080-exec-9] DEBUG o.s.web.servlet.DispatcherServlet - DispatcherServlet with name 'dispatcherServlet' processing GET request for [/assets/css/ace-rtl.min.css]
08:50:02.113 logback [http-nio-9080-exec-8] DEBUG o.s.web.servlet.DispatcherServlet - Null ModelAndView returned to DispatcherServlet with name 'dispatcherServlet': assuming HandlerAdapter completed request handling
08:50:02.113 logback [http-nio-9080-exec-9] DEBUG o.s.w.s.m.m.a.RequestMappingHandlerMapping - Looking up handler method for path /assets/css/ace-rtl.min.css
08:50:02.113 logback [http-nio-9080-exec-8] DEBUG o.s.web.servlet.DispatcherServlet - Successfully completed request
08:50:02.113 logback [http-nio-9080-exec-8] DEBUG o.s.b.w.f.OrderedRequestContextFilter - Cleared thread-bound request context: org.apache.catalina.connector.RequestFacade@5b780539
08:50:02.113 logback [http-nio-9080-exec-5] DEBUG o.s.b.w.f.OrderedRequestContextFilter - Bound request context to thread: org.apache.catalina.connector.RequestFacade@25892065
08:50:02.113 logback [http-nio-9080-exec-9] DEBUG o.s.w.s.m.m.a.RequestMappingHandlerMapping - Did not find handler method for [/assets/css/ace-rtl.min.css]
08:50:02.113 logback [http-nio-9080-exec-5] DEBUG o.s.web.servlet.DispatcherServlet - DispatcherServlet with name 'dispatcherServlet' processing GET request for [/assets/css/ace-skins.min.css]
08:50:02.113 logback [http-nio-9080-exec-9] DEBUG o.s.w.s.h.SimpleUrlHandlerMapping - Matching patterns for request [/assets/css/ace-rtl.min.css] are [/**]
08:50:02.113 logback [http-nio-9080-exec-9] DEBUG o.s.w.s.h.SimpleUrlHandlerMapping - URI Template variables for request [/assets/css/ace-rtl.min.css] are {}
08:50:02.113 logback [http-nio-9080-exec-5] DEBUG o.s.w.s.m.m.a.RequestMappingHandlerMapping - Looking up handler method for path /assets/css/ace-skins.min.css
08:50:02.113 logback [http-nio-9080-exec-9] DEBUG o.s.w.s.h.SimpleUrlHandlerMapping - Mapping [/assets/css/ace-rtl.min.css] to HandlerExecutionChain with handler [ResourceHttpRequestHandler [locations=[ServletContext resource [/], class path resource [META-INF/resources/], class path resource [resources/], class path resource [static/], class path resource [public/]], resolvers=[org.springframework.web.servlet.resource.PathResourceResolver@5b1c32e4]]] and 1 interceptor
08:50:02.113 logback [http-nio-9080-exec-9] DEBUG o.s.web.servlet.DispatcherServlet - Last-Modified value for [/assets/css/ace-rtl.min.css] is: -1
08:50:02.113 logback [http-nio-9080-exec-5] DEBUG o.s.w.s.m.m.a.RequestMappingHandlerMapping - Did not find handler method for [/assets/css/ace-skins.min.css]
08:50:02.113 logback [http-nio-9080-exec-5] DEBUG o.s.w.s.h.SimpleUrlHandlerMapping - Matching patterns for request [/assets/css/ace-skins.min.css] are [/**]
08:50:02.113 logback [http-nio-9080-exec-5] DEBUG o.s.w.s.h.SimpleUrlHandlerMapping - URI Template variables for request [/assets/css/ace-skins.min.css] are {}
08:50:02.113 logback [http-nio-9080-exec-5] DEBUG o.s.w.s.h.SimpleUrlHandlerMapping - Mapping [/assets/css/ace-skins.min.css] to HandlerExecutionChain with handler [ResourceHttpRequestHandler [locations=[ServletContext resource [/], class path resource [META-INF/resources/], class path resource [resources/], class path resource [static/], class path resource [public/]], resolvers=[org.springframework.web.servlet.resource.PathResourceResolver@5b1c32e4]]] and 1 interceptor
08:50:02.113 logback [http-nio-9080-exec-5] DEBUG o.s.web.servlet.DispatcherServlet - Last-Modified value for [/assets/css/ace-skins.min.css] is: -1
08:50:02.114 logback [http-nio-9080-exec-10] DEBUG o.s.b.w.f.OrderedRequestContextFilter - Bound request context to thread: org.apache.catalina.connector.RequestFacade@213be8d5
08:50:02.114 logback [http-nio-9080-exec-10] DEBUG o.s.web.servlet.DispatcherServlet - DispatcherServlet with name 'dispatcherServlet' processing GET request for [/assets/js/jquery-2.0.3.min.js]
08:50:02.114 logback [http-nio-9080-exec-10] DEBUG o.s.w.s.m.m.a.RequestMappingHandlerMapping - Looking up handler method for path /assets/js/jquery-2.0.3.min.js
08:50:02.114 logback [http-nio-9080-exec-9] DEBUG o.s.web.servlet.DispatcherServlet - Null ModelAndView returned to DispatcherServlet with name 'dispatcherServlet': assuming HandlerAdapter completed request handling
08:50:02.114 logback [http-nio-9080-exec-5] DEBUG o.s.web.servlet.DispatcherServlet - Null ModelAndView returned to DispatcherServlet with name 'dispatcherServlet': assuming HandlerAdapter completed request handling
08:50:02.115 logback [http-nio-9080-exec-9] DEBUG o.s.web.servlet.DispatcherServlet - Successfully completed request
08:50:02.115 logback [http-nio-9080-exec-5] DEBUG o.s.web.servlet.DispatcherServlet - Successfully completed request
08:50:02.115 logback [http-nio-9080-exec-5] DEBUG o.s.b.w.f.OrderedRequestContextFilter - Cleared thread-bound request context: org.apache.catalina.connector.RequestFacade@25892065
08:50:02.115 logback [http-nio-9080-exec-9] DEBUG o.s.b.w.f.OrderedRequestContextFilter - Cleared thread-bound request context: org.apache.catalina.connector.RequestFacade@138e7a1c
08:50:02.115 logback [http-nio-9080-exec-10] DEBUG o.s.w.s.m.m.a.RequestMappingHandlerMapping - Did not find handler method for [/assets/js/jquery-2.0.3.min.js]
08:50:02.115 logback [http-nio-9080-exec-10] DEBUG o.s.w.s.h.SimpleUrlHandlerMapping - Matching patterns for request [/assets/js/jquery-2.0.3.min.js] are [/**]
08:50:02.115 logback [http-nio-9080-exec-10] DEBUG o.s.w.s.h.SimpleUrlHandlerMapping - URI Template variables for request [/assets/js/jquery-2.0.3.min.js] are {}
08:50:02.115 logback [http-nio-9080-exec-10] DEBUG o.s.w.s.h.SimpleUrlHandlerMapping - Mapping [/assets/js/jquery-2.0.3.min.js] to HandlerExecutionChain with handler [ResourceHttpRequestHandler [locations=[ServletContext resource [/], class path resource [META-INF/resources/], class path resource [resources/], class path resource [static/], class path resource [public/]], resolvers=[org.springframework.web.servlet.resource.PathResourceResolver@5b1c32e4]]] and 1 interceptor
08:50:02.115 logback [http-nio-9080-exec-10] DEBUG o.s.web.servlet.DispatcherServlet - Last-Modified value for [/assets/js/jquery-2.0.3.min.js] is: -1
08:50:02.116 logback [http-nio-9080-exec-10] DEBUG o.s.web.servlet.DispatcherServlet - Null ModelAndView returned to DispatcherServlet with name 'dispatcherServlet': assuming HandlerAdapter completed request handling
08:50:02.116 logback [http-nio-9080-exec-10] DEBUG o.s.web.servlet.DispatcherServlet - Successfully completed request
08:50:02.116 logback [http-nio-9080-exec-10] DEBUG o.s.b.w.f.OrderedRequestContextFilter - Cleared thread-bound request context: org.apache.catalina.connector.RequestFacade@213be8d5
08:50:02.121 logback [http-nio-9080-exec-6] DEBUG o.s.b.w.f.OrderedRequestContextFilter - Bound request context to thread: org.apache.catalina.connector.RequestFacade@213be8d5
08:50:02.121 logback [http-nio-9080-exec-6] DEBUG o.s.web.servlet.DispatcherServlet - DispatcherServlet with name 'dispatcherServlet' processing GET request for [/assets/js/ace-extra.min.js]
08:50:02.121 logback [http-nio-9080-exec-6] DEBUG o.s.w.s.m.m.a.RequestMappingHandlerMapping - Looking up handler method for path /assets/js/ace-extra.min.js
08:50:02.121 logback [http-nio-9080-exec-6] DEBUG o.s.w.s.m.m.a.RequestMappingHandlerMapping - Did not find handler method for [/assets/js/ace-extra.min.js]
08:50:02.121 logback [http-nio-9080-exec-6] DEBUG o.s.w.s.h.SimpleUrlHandlerMapping - Matching patterns for request [/assets/js/ace-extra.min.js] are [/**]
08:50:02.121 logback [http-nio-9080-exec-6] DEBUG o.s.w.s.h.SimpleUrlHandlerMapping - URI Template variables for request [/assets/js/ace-extra.min.js] are {}
08:50:02.121 logback [http-nio-9080-exec-6] DEBUG o.s.w.s.h.SimpleUrlHandlerMapping - Mapping [/assets/js/ace-extra.min.js] to HandlerExecutionChain with handler [ResourceHttpRequestHandler [locations=[ServletContext resource [/], class path resource [META-INF/resources/], class path resource [resources/], class path resource [static/], class path resource [public/]], resolvers=[org.springframework.web.servlet.resource.PathResourceResolver@5b1c32e4]]] and 1 interceptor
08:50:02.121 logback [http-nio-9080-exec-6] DEBUG o.s.web.servlet.DispatcherServlet - Last-Modified value for [/assets/js/ace-extra.min.js] is: -1
08:50:02.122 logback [http-nio-9080-exec-6] DEBUG o.s.web.servlet.DispatcherServlet - Null ModelAndView returned to DispatcherServlet with name 'dispatcherServlet': assuming HandlerAdapter completed request handling
08:50:02.122 logback [http-nio-9080-exec-6] DEBUG o.s.web.servlet.DispatcherServlet - Successfully completed request
08:50:02.122 logback [http-nio-9080-exec-6] DEBUG o.s.b.w.f.OrderedRequestContextFilter - Cleared thread-bound request context: org.apache.catalina.connector.RequestFacade@213be8d5
08:50:02.124 logback [http-nio-9080-exec-2] DEBUG o.s.b.w.f.OrderedRequestContextFilter - Bound request context to thread: org.apache.catalina.connector.RequestFacade@213be8d5
08:50:02.124 logback [http-nio-9080-exec-2] DEBUG o.s.web.servlet.DispatcherServlet - DispatcherServlet with name 'dispatcherServlet' processing GET request for [/assets/js/jquery-ui-1.10.3.custom.min.js]
08:50:02.124 logback [http-nio-9080-exec-2] DEBUG o.s.w.s.m.m.a.RequestMappingHandlerMapping - Looking up handler method for path /assets/js/jquery-ui-1.10.3.custom.min.js
08:50:02.124 logback [http-nio-9080-exec-2] DEBUG o.s.w.s.m.m.a.RequestMappingHandlerMapping - Did not find handler method for [/assets/js/jquery-ui-1.10.3.custom.min.js]
08:50:02.124 logback [http-nio-9080-exec-2] DEBUG o.s.w.s.h.SimpleUrlHandlerMapping - Matching patterns for request [/assets/js/jquery-ui-1.10.3.custom.min.js] are [/**]
08:50:02.124 logback [http-nio-9080-exec-2] DEBUG o.s.w.s.h.SimpleUrlHandlerMapping - URI Template variables for request [/assets/js/jquery-ui-1.10.3.custom.min.js] are {}
08:50:02.124 logback [http-nio-9080-exec-2] DEBUG o.s.w.s.h.SimpleUrlHandlerMapping - Mapping [/assets/js/jquery-ui-1.10.3.custom.min.js] to HandlerExecutionChain with handler [ResourceHttpRequestHandler [locations=[ServletContext resource [/], class path resource [META-INF/resources/], class path resource [resources/], class path resource [static/], class path resource [public/]], resolvers=[org.springframework.web.servlet.resource.PathResourceResolver@5b1c32e4]]] and 1 interceptor
08:50:02.124 logback [http-nio-9080-exec-2] DEBUG o.s.web.servlet.DispatcherServlet - Last-Modified value for [/assets/js/jquery-ui-1.10.3.custom.min.js] is: -1
08:50:02.125 logback [http-nio-9080-exec-2] DEBUG o.s.web.servlet.DispatcherServlet - Null ModelAndView returned to DispatcherServlet with name 'dispatcherServlet': assuming HandlerAdapter completed request handling
08:50:02.125 logback [http-nio-9080-exec-2] DEBUG o.s.web.servlet.DispatcherServlet - Successfully completed request
08:50:02.125 logback [http-nio-9080-exec-2] DEBUG o.s.b.w.f.OrderedRequestContextFilter - Cleared thread-bound request context: org.apache.catalina.connector.RequestFacade@213be8d5
08:50:02.129 logback [http-nio-9080-exec-7] DEBUG o.s.b.w.f.OrderedRequestContextFilter - Bound request context to thread: org.apache.catalina.connector.RequestFacade@213be8d5
08:50:02.129 logback [http-nio-9080-exec-7] DEBUG o.s.web.servlet.DispatcherServlet - DispatcherServlet with name 'dispatcherServlet' processing GET request for [/assets/js/jquery.slimscroll.min.js]
08:50:02.129 logback [http-nio-9080-exec-7] DEBUG o.s.w.s.m.m.a.RequestMappingHandlerMapping - Looking up handler method for path /assets/js/jquery.slimscroll.min.js
08:50:02.129 logback [http-nio-9080-exec-7] DEBUG o.s.w.s.m.m.a.RequestMappingHandlerMapping - Did not find handler method for [/assets/js/jquery.slimscroll.min.js]
08:50:02.129 logback [http-nio-9080-exec-7] DEBUG o.s.w.s.h.SimpleUrlHandlerMapping - Matching patterns for request [/assets/js/jquery.slimscroll.min.js] are [/**]
08:50:02.129 logback [http-nio-9080-exec-7] DEBUG o.s.w.s.h.SimpleUrlHandlerMapping - URI Template variables for request [/assets/js/jquery.slimscroll.min.js] are {}
08:50:02.129 logback [http-nio-9080-exec-7] DEBUG o.s.w.s.h.SimpleUrlHandlerMapping - Mapping [/assets/js/jquery.slimscroll.min.js] to HandlerExecutionChain with handler [ResourceHttpRequestHandler [locations=[ServletContext resource [/], class path resource [META-INF/resources/], class path resource [resources/], class path resource [static/], class path resource [public/]], resolvers=[org.springframework.web.servlet.resource.PathResourceResolver@5b1c32e4]]] and 1 interceptor
08:50:02.129 logback [http-nio-9080-exec-7] DEBUG o.s.web.servlet.DispatcherServlet - Last-Modified value for [/assets/js/jquery.slimscroll.min.js] is: -1
08:50:02.129 logback [http-nio-9080-exec-7] DEBUG o.s.web.servlet.DispatcherServlet - Null ModelAndView returned to DispatcherServlet with name 'dispatcherServlet': assuming HandlerAdapter completed request handling
08:50:02.129 logback [http-nio-9080-exec-7] DEBUG o.s.web.servlet.DispatcherServlet - Successfully completed request
08:50:02.129 logback [http-nio-9080-exec-7] DEBUG o.s.b.w.f.OrderedRequestContextFilter - Cleared thread-bound request context: org.apache.catalina.connector.RequestFacade@213be8d5
08:50:02.131 logback [http-nio-9080-exec-4] DEBUG o.s.b.w.f.OrderedRequestContextFilter - Bound request context to thread: org.apache.catalina.connector.RequestFacade@213be8d5
08:50:02.132 logback [http-nio-9080-exec-4] DEBUG o.s.web.servlet.DispatcherServlet - DispatcherServlet with name 'dispatcherServlet' processing GET request for [/assets/js/chosen.jquery.min.js]
08:50:02.132 logback [http-nio-9080-exec-4] DEBUG o.s.w.s.m.m.a.RequestMappingHandlerMapping - Looking up handler method for path /assets/js/chosen.jquery.min.js
08:50:02.132 logback [http-nio-9080-exec-4] DEBUG o.s.w.s.m.m.a.RequestMappingHandlerMapping - Did not find handler method for [/assets/js/chosen.jquery.min.js]
08:50:02.132 logback [http-nio-9080-exec-4] DEBUG o.s.w.s.h.SimpleUrlHandlerMapping - Matching patterns for request [/assets/js/chosen.jquery.min.js] are [/**]
08:50:02.132 logback [http-nio-9080-exec-4] DEBUG o.s.w.s.h.SimpleUrlHandlerMapping - URI Template variables for request [/assets/js/chosen.jquery.min.js] are {}
08:50:02.132 logback [http-nio-9080-exec-4] DEBUG o.s.w.s.h.SimpleUrlHandlerMapping - Mapping [/assets/js/chosen.jquery.min.js] to HandlerExecutionChain with handler [ResourceHttpRequestHandler [locations=[ServletContext resource [/], class path resource [META-INF/resources/], class path resource [resources/], class path resource [static/], class path resource [public/]], resolvers=[org.springframework.web.servlet.resource.PathResourceResolver@5b1c32e4]]] and 1 interceptor
08:50:02.132 logback [http-nio-9080-exec-4] DEBUG o.s.web.servlet.DispatcherServlet - Last-Modified value for [/assets/js/chosen.jquery.min.js] is: -1
08:50:02.133 logback [http-nio-9080-exec-4] DEBUG o.s.web.servlet.DispatcherServlet - Null ModelAndView returned to DispatcherServlet with name 'dispatcherServlet': assuming HandlerAdapter completed request handling
08:50:02.133 logback [http-nio-9080-exec-4] DEBUG o.s.web.servlet.DispatcherServlet - Successfully completed request
08:50:02.133 logback [http-nio-9080-exec-4] DEBUG o.s.b.w.f.OrderedRequestContextFilter - Cleared thread-bound request context: org.apache.catalina.connector.RequestFacade@213be8d5
08:50:02.136 logback [http-nio-9080-exec-1] DEBUG o.s.b.w.f.OrderedRequestContextFilter - Bound request context to thread: org.apache.catalina.connector.RequestFacade@213be8d5
08:50:02.136 logback [http-nio-9080-exec-1] DEBUG o.s.web.servlet.DispatcherServlet - DispatcherServlet with name 'dispatcherServlet' processing GET request for [/assets/js/ace-elements.min.js]
08:50:02.136 logback [http-nio-9080-exec-1] DEBUG o.s.w.s.m.m.a.RequestMappingHandlerMapping - Looking up handler method for path /assets/js/ace-elements.min.js
08:50:02.136 logback [http-nio-9080-exec-1] DEBUG o.s.w.s.m.m.a.RequestMappingHandlerMapping - Did not find handler method for [/assets/js/ace-elements.min.js]
08:50:02.136 logback [http-nio-9080-exec-1] DEBUG o.s.w.s.h.SimpleUrlHandlerMapping - Matching patterns for request [/assets/js/ace-elements.min.js] are [/**]
08:50:02.136 logback [http-nio-9080-exec-1] DEBUG o.s.w.s.h.SimpleUrlHandlerMapping - URI Template variables for request [/assets/js/ace-elements.min.js] are {}
08:50:02.136 logback [http-nio-9080-exec-1] DEBUG o.s.w.s.h.SimpleUrlHandlerMapping - Mapping [/assets/js/ace-elements.min.js] to HandlerExecutionChain with handler [ResourceHttpRequestHandler [locations=[ServletContext resource [/], class path resource [META-INF/resources/], class path resource [resources/], class path resource [static/], class path resource [public/]], resolvers=[org.springframework.web.servlet.resource.PathResourceResolver@5b1c32e4]]] and 1 interceptor
08:50:02.136 logback [http-nio-9080-exec-1] DEBUG o.s.web.servlet.DispatcherServlet - Last-Modified value for [/assets/js/ace-elements.min.js] is: -1
08:50:02.137 logback [http-nio-9080-exec-1] DEBUG o.s.web.servlet.DispatcherServlet - Null ModelAndView returned to DispatcherServlet with name 'dispatcherServlet': assuming HandlerAdapter completed request handling
08:50:02.137 logback [http-nio-9080-exec-1] DEBUG o.s.web.servlet.DispatcherServlet - Successfully completed request
08:50:02.137 logback [http-nio-9080-exec-1] DEBUG o.s.b.w.f.OrderedRequestContextFilter - Cleared thread-bound request context: org.apache.catalina.connector.RequestFacade@213be8d5
08:50:02.140 logback [http-nio-9080-exec-3] DEBUG o.s.b.w.f.OrderedRequestContextFilter - Bound request context to thread: org.apache.catalina.connector.RequestFacade@213be8d5
08:50:02.140 logback [http-nio-9080-exec-3] DEBUG o.s.web.servlet.DispatcherServlet - DispatcherServlet with name 'dispatcherServlet' processing GET request for [/assets/js/ace.min.js]
08:50:02.140 logback [http-nio-9080-exec-3] DEBUG o.s.w.s.m.m.a.RequestMappingHandlerMapping - Looking up handler method for path /assets/js/ace.min.js
08:50:02.140 logback [http-nio-9080-exec-3] DEBUG o.s.w.s.m.m.a.RequestMappingHandlerMapping - Did not find handler method for [/assets/js/ace.min.js]
08:50:02.140 logback [http-nio-9080-exec-3] DEBUG o.s.w.s.h.SimpleUrlHandlerMapping - Matching patterns for request [/assets/js/ace.min.js] are [/**]
08:50:02.140 logback [http-nio-9080-exec-3] DEBUG o.s.w.s.h.SimpleUrlHandlerMapping - URI Template variables for request [/assets/js/ace.min.js] are {}
08:50:02.140 logback [http-nio-9080-exec-3] DEBUG o.s.w.s.h.SimpleUrlHandlerMapping - Mapping [/assets/js/ace.min.js] to HandlerExecutionChain with handler [ResourceHttpRequestHandler [locations=[ServletContext resource [/], class path resource [META-INF/resources/], class path resource [resources/], class path resource [static/], class path resource [public/]], resolvers=[org.springframework.web.servlet.resource.PathResourceResolver@5b1c32e4]]] and 1 interceptor
08:50:02.140 logback [http-nio-9080-exec-3] DEBUG o.s.web.servlet.DispatcherServlet - Last-Modified value for [/assets/js/ace.min.js] is: -1
08:50:02.140 logback [http-nio-9080-exec-3] DEBUG o.s.web.servlet.DispatcherServlet - Null ModelAndView returned to DispatcherServlet with name 'dispatcherServlet': assuming HandlerAdapter completed request handling
08:50:02.141 logback [http-nio-9080-exec-3] DEBUG o.s.web.servlet.DispatcherServlet - Successfully completed request
08:50:02.141 logback [http-nio-9080-exec-3] DEBUG o.s.b.w.f.OrderedRequestContextFilter - Cleared thread-bound request context: org.apache.catalina.connector.RequestFacade@213be8d5
08:50:02.143 logback [http-nio-9080-exec-8] DEBUG o.s.b.w.f.OrderedRequestContextFilter - Bound request context to thread: org.apache.catalina.connector.RequestFacade@213be8d5
08:50:02.143 logback [http-nio-9080-exec-8] DEBUG o.s.web.servlet.DispatcherServlet - DispatcherServlet with name 'dispatcherServlet' processing GET request for [/assets/js/md5.js]
08:50:02.143 logback [http-nio-9080-exec-8] DEBUG o.s.w.s.m.m.a.RequestMappingHandlerMapping - Looking up handler method for path /assets/js/md5.js
08:50:02.143 logback [http-nio-9080-exec-8] DEBUG o.s.w.s.m.m.a.RequestMappingHandlerMapping - Did not find handler method for [/assets/js/md5.js]
08:50:02.143 logback [http-nio-9080-exec-8] DEBUG o.s.w.s.h.SimpleUrlHandlerMapping - Matching patterns for request [/assets/js/md5.js] are [/**]
08:50:02.143 logback [http-nio-9080-exec-8] DEBUG o.s.w.s.h.SimpleUrlHandlerMapping - URI Template variables for request [/assets/js/md5.js] are {}
08:50:02.143 logback [http-nio-9080-exec-8] DEBUG o.s.w.s.h.SimpleUrlHandlerMapping - Mapping [/assets/js/md5.js] to HandlerExecutionChain with handler [ResourceHttpRequestHandler [locations=[ServletContext resource [/], class path resource [META-INF/resources/], class path resource [resources/], class path resource [static/], class path resource [public/]], resolvers=[org.springframework.web.servlet.resource.PathResourceResolver@5b1c32e4]]] and 1 interceptor
08:50:02.143 logback [http-nio-9080-exec-8] DEBUG o.s.web.servlet.DispatcherServlet - Last-Modified value for [/assets/js/md5.js] is: -1
08:50:02.144 logback [http-nio-9080-exec-8] DEBUG o.s.web.servlet.DispatcherServlet - Null ModelAndView returned to DispatcherServlet with name 'dispatcherServlet': assuming HandlerAdapter completed request handling
08:50:02.144 logback [http-nio-9080-exec-8] DEBUG o.s.web.servlet.DispatcherServlet - Successfully completed request
08:50:02.144 logback [http-nio-9080-exec-8] DEBUG o.s.b.w.f.OrderedRequestContextFilter - Cleared thread-bound request context: org.apache.catalina.connector.RequestFacade@213be8d5
08:50:02.146 logback [http-nio-9080-exec-2] DEBUG o.s.b.w.f.OrderedRequestContextFilter - Bound request context to thread: org.apache.catalina.connector.RequestFacade@7a6af04d
08:50:02.146 logback [http-nio-9080-exec-5] DEBUG o.s.b.w.f.OrderedRequestContextFilter - Bound request context to thread: org.apache.catalina.connector.RequestFacade@25892065
08:50:02.146 logback [http-nio-9080-exec-6] DEBUG o.s.b.w.f.OrderedRequestContextFilter - Bound request context to thread: org.apache.catalina.connector.RequestFacade@213be8d5
08:50:02.146 logback [http-nio-9080-exec-9] DEBUG o.s.b.w.f.OrderedRequestContextFilter - Bound request context to thread: org.apache.catalina.connector.RequestFacade@138e7a1c
08:50:02.146 logback [http-nio-9080-exec-5] DEBUG o.s.web.servlet.DispatcherServlet - DispatcherServlet with name 'dispatcherServlet' processing GET request for [/assets/js/custom.js]
08:50:02.146 logback [http-nio-9080-exec-9] DEBUG o.s.web.servlet.DispatcherServlet - DispatcherServlet with name 'dispatcherServlet' processing GET request for [/assets/images/logo.png]
08:50:02.146 logback [http-nio-9080-exec-2] DEBUG o.s.web.servlet.DispatcherServlet - DispatcherServlet with name 'dispatcherServlet' processing GET request for [/assets/avatars/avatar3.png]
08:50:02.146 logback [http-nio-9080-exec-6] DEBUG o.s.web.servlet.DispatcherServlet - DispatcherServlet with name 'dispatcherServlet' processing GET request for [/assets/avatars/avatar4.png]
08:50:02.146 logback [http-nio-9080-exec-9] DEBUG o.s.w.s.m.m.a.RequestMappingHandlerMapping - Looking up handler method for path /assets/images/logo.png
08:50:02.146 logback [http-nio-9080-exec-2] DEBUG o.s.w.s.m.m.a.RequestMappingHandlerMapping - Looking up handler method for path /assets/avatars/avatar3.png
08:50:02.146 logback [http-nio-9080-exec-5] DEBUG o.s.w.s.m.m.a.RequestMappingHandlerMapping - Looking up handler method for path /assets/js/custom.js
08:50:02.146 logback [http-nio-9080-exec-10] DEBUG o.s.b.w.f.OrderedRequestContextFilter - Bound request context to thread: org.apache.catalina.connector.RequestFacade@5b780539
08:50:02.146 logback [http-nio-9080-exec-6] DEBUG o.s.w.s.m.m.a.RequestMappingHandlerMapping - Looking up handler method for path /assets/avatars/avatar4.png
08:50:02.147 logback [http-nio-9080-exec-2] DEBUG o.s.w.s.m.m.a.RequestMappingHandlerMapping - Did not find handler method for [/assets/avatars/avatar3.png]
08:50:02.148 logback [http-nio-9080-exec-2] DEBUG o.s.w.s.h.SimpleUrlHandlerMapping - Matching patterns for request [/assets/avatars/avatar3.png] are [/**]
08:50:02.147 logback [http-nio-9080-exec-9] DEBUG o.s.w.s.m.m.a.RequestMappingHandlerMapping - Did not find handler method for [/assets/images/logo.png]
08:50:02.147 logback [http-nio-9080-exec-5] DEBUG o.s.w.s.m.m.a.RequestMappingHandlerMapping - Did not find handler method for [/assets/js/custom.js]
08:50:02.148 logback [http-nio-9080-exec-10] DEBUG o.s.web.servlet.DispatcherServlet - DispatcherServlet with name 'dispatcherServlet' processing GET request for [/assets/avatars/avatar.png]
08:50:02.148 logback [http-nio-9080-exec-2] DEBUG o.s.w.s.h.SimpleUrlHandlerMapping - URI Template variables for request [/assets/avatars/avatar3.png] are {}
08:50:02.148 logback [http-nio-9080-exec-5] DEBUG o.s.w.s.h.SimpleUrlHandlerMapping - Matching patterns for request [/assets/js/custom.js] are [/**]
08:50:02.148 logback [http-nio-9080-exec-10] DEBUG o.s.w.s.m.m.a.RequestMappingHandlerMapping - Looking up handler method for path /assets/avatars/avatar.png
08:50:02.148 logback [http-nio-9080-exec-2] DEBUG o.s.w.s.h.SimpleUrlHandlerMapping - Mapping [/assets/avatars/avatar3.png] to HandlerExecutionChain with handler [ResourceHttpRequestHandler [locations=[ServletContext resource [/], class path resource [META-INF/resources/], class path resource [resources/], class path resource [static/], class path resource [public/]], resolvers=[org.springframework.web.servlet.resource.PathResourceResolver@5b1c32e4]]] and 1 interceptor
08:50:02.148 logback [http-nio-9080-exec-5] DEBUG o.s.w.s.h.SimpleUrlHandlerMapping - URI Template variables for request [/assets/js/custom.js] are {}
08:50:02.148 logback [http-nio-9080-exec-2] DEBUG o.s.web.servlet.DispatcherServlet - Last-Modified value for [/assets/avatars/avatar3.png] is: -1
08:50:02.148 logback [http-nio-9080-exec-9] DEBUG o.s.w.s.h.SimpleUrlHandlerMapping - Matching patterns for request [/assets/images/logo.png] are [/**]
08:50:02.148 logback [http-nio-9080-exec-9] DEBUG o.s.w.s.h.SimpleUrlHandlerMapping - URI Template variables for request [/assets/images/logo.png] are {}
08:50:02.148 logback [http-nio-9080-exec-5] DEBUG o.s.w.s.h.SimpleUrlHandlerMapping - Mapping [/assets/js/custom.js] to HandlerExecutionChain with handler [ResourceHttpRequestHandler [locations=[ServletContext resource [/], class path resource [META-INF/resources/], class path resource [resources/], class path resource [static/], class path resource [public/]], resolvers=[org.springframework.web.servlet.resource.PathResourceResolver@5b1c32e4]]] and 1 interceptor
08:50:02.148 logback [http-nio-9080-exec-9] DEBUG o.s.w.s.h.SimpleUrlHandlerMapping - Mapping [/assets/images/logo.png] to HandlerExecutionChain with handler [ResourceHttpRequestHandler [locations=[ServletContext resource [/], class path resource [META-INF/resources/], class path resource [resources/], class path resource [static/], class path resource [public/]], resolvers=[org.springframework.web.servlet.resource.PathResourceResolver@5b1c32e4]]] and 1 interceptor
08:50:02.148 logback [http-nio-9080-exec-5] DEBUG o.s.web.servlet.DispatcherServlet - Last-Modified value for [/assets/js/custom.js] is: -1
08:50:02.148 logback [http-nio-9080-exec-10] DEBUG o.s.w.s.m.m.a.RequestMappingHandlerMapping - Did not find handler method for [/assets/avatars/avatar.png]
08:50:02.148 logback [http-nio-9080-exec-6] DEBUG o.s.w.s.m.m.a.RequestMappingHandlerMapping - Did not find handler method for [/assets/avatars/avatar4.png]
08:50:02.148 logback [http-nio-9080-exec-9] DEBUG o.s.web.servlet.DispatcherServlet - Last-Modified value for [/assets/images/logo.png] is: -1
08:50:02.148 logback [http-nio-9080-exec-10] DEBUG o.s.w.s.h.SimpleUrlHandlerMapping - Matching patterns for request [/assets/avatars/avatar.png] are [/**]
08:50:02.148 logback [http-nio-9080-exec-6] DEBUG o.s.w.s.h.SimpleUrlHandlerMapping - Matching patterns for request [/assets/avatars/avatar4.png] are [/**]
08:50:02.148 logback [http-nio-9080-exec-10] DEBUG o.s.w.s.h.SimpleUrlHandlerMapping - URI Template variables for request [/assets/avatars/avatar.png] are {}
08:50:02.148 logback [http-nio-9080-exec-6] DEBUG o.s.w.s.h.SimpleUrlHandlerMapping - URI Template variables for request [/assets/avatars/avatar4.png] are {}
08:50:02.148 logback [http-nio-9080-exec-10] DEBUG o.s.w.s.h.SimpleUrlHandlerMapping - Mapping [/assets/avatars/avatar.png] to HandlerExecutionChain with handler [ResourceHttpRequestHandler [locations=[ServletContext resource [/], class path resource [META-INF/resources/], class path resource [resources/], class path resource [static/], class path resource [public/]], resolvers=[org.springframework.web.servlet.resource.PathResourceResolver@5b1c32e4]]] and 1 interceptor
08:50:02.148 logback [http-nio-9080-exec-10] DEBUG o.s.web.servlet.DispatcherServlet - Last-Modified value for [/assets/avatars/avatar.png] is: -1
08:50:02.148 logback [http-nio-9080-exec-6] DEBUG o.s.w.s.h.SimpleUrlHandlerMapping - Mapping [/assets/avatars/avatar4.png] to HandlerExecutionChain with handler [ResourceHttpRequestHandler [locations=[ServletContext resource [/], class path resource [META-INF/resources/], class path resource [resources/], class path resource [static/], class path resource [public/]], resolvers=[org.springframework.web.servlet.resource.PathResourceResolver@5b1c32e4]]] and 1 interceptor
08:50:02.149 logback [http-nio-9080-exec-6] DEBUG o.s.web.servlet.DispatcherServlet - Last-Modified value for [/assets/avatars/avatar4.png] is: -1
08:50:02.149 logback [http-nio-9080-exec-2] DEBUG o.s.web.servlet.DispatcherServlet - Null ModelAndView returned to DispatcherServlet with name 'dispatcherServlet': assuming HandlerAdapter completed request handling
08:50:02.149 logback [http-nio-9080-exec-2] DEBUG o.s.web.servlet.DispatcherServlet - Successfully completed request
08:50:02.149 logback [http-nio-9080-exec-2] DEBUG o.s.b.w.f.OrderedRequestContextFilter - Cleared thread-bound request context: org.apache.catalina.connector.RequestFacade@7a6af04d
08:50:02.149 logback [http-nio-9080-exec-5] DEBUG o.s.web.servlet.DispatcherServlet - Null ModelAndView returned to DispatcherServlet with name 'dispatcherServlet': assuming HandlerAdapter completed request handling
08:50:02.149 logback [http-nio-9080-exec-5] DEBUG o.s.web.servlet.DispatcherServlet - Successfully completed request
08:50:02.149 logback [http-nio-9080-exec-7] DEBUG o.s.b.w.f.OrderedRequestContextFilter - Bound request context to thread: org.apache.catalina.connector.RequestFacade@659e9d66
08:50:02.149 logback [http-nio-9080-exec-5] DEBUG o.s.b.w.f.OrderedRequestContextFilter - Cleared thread-bound request context: org.apache.catalina.connector.RequestFacade@25892065
08:50:02.149 logback [http-nio-9080-exec-10] DEBUG o.s.web.servlet.DispatcherServlet - Null ModelAndView returned to DispatcherServlet with name 'dispatcherServlet': assuming HandlerAdapter completed request handling
08:50:02.150 logback [http-nio-9080-exec-7] DEBUG o.s.web.servlet.DispatcherServlet - DispatcherServlet with name 'dispatcherServlet' processing GET request for [/assets/images/dudu.jpg]
08:50:02.150 logback [http-nio-9080-exec-10] DEBUG o.s.web.servlet.DispatcherServlet - Successfully completed request
08:50:02.149 logback [http-nio-9080-exec-6] DEBUG o.s.web.servlet.DispatcherServlet - Null ModelAndView returned to DispatcherServlet with name 'dispatcherServlet': assuming HandlerAdapter completed request handling
08:50:02.150 logback [http-nio-9080-exec-9] DEBUG o.s.web.servlet.DispatcherServlet - Null ModelAndView returned to DispatcherServlet with name 'dispatcherServlet': assuming HandlerAdapter completed request handling
08:50:02.150 logback [http-nio-9080-exec-7] DEBUG o.s.w.s.m.m.a.RequestMappingHandlerMapping - Looking up handler method for path /assets/images/dudu.jpg
08:50:02.150 logback [http-nio-9080-exec-9] DEBUG o.s.web.servlet.DispatcherServlet - Successfully completed request
08:50:02.150 logback [http-nio-9080-exec-10] DEBUG o.s.b.w.f.OrderedRequestContextFilter - Cleared thread-bound request context: org.apache.catalina.connector.RequestFacade@5b780539
08:50:02.150 logback [http-nio-9080-exec-6] DEBUG o.s.web.servlet.DispatcherServlet - Successfully completed request
08:50:02.150 logback [http-nio-9080-exec-9] DEBUG o.s.b.w.f.OrderedRequestContextFilter - Cleared thread-bound request context: org.apache.catalina.connector.RequestFacade@138e7a1c
08:50:02.150 logback [http-nio-9080-exec-6] DEBUG o.s.b.w.f.OrderedRequestContextFilter - Cleared thread-bound request context: org.apache.catalina.connector.RequestFacade@213be8d5
08:50:02.150 logback [http-nio-9080-exec-7] DEBUG o.s.w.s.m.m.a.RequestMappingHandlerMapping - Did not find handler method for [/assets/images/dudu.jpg]
08:50:02.150 logback [http-nio-9080-exec-7] DEBUG o.s.w.s.h.SimpleUrlHandlerMapping - Matching patterns for request [/assets/images/dudu.jpg] are [/**]
08:50:02.150 logback [http-nio-9080-exec-7] DEBUG o.s.w.s.h.SimpleUrlHandlerMapping - URI Template variables for request [/assets/images/dudu.jpg] are {}
08:50:02.150 logback [http-nio-9080-exec-7] DEBUG o.s.w.s.h.SimpleUrlHandlerMapping - Mapping [/assets/images/dudu.jpg] to HandlerExecutionChain with handler [ResourceHttpRequestHandler [locations=[ServletContext resource [/], class path resource [META-INF/resources/], class path resource [resources/], class path resource [static/], class path resource [public/]], resolvers=[org.springframework.web.servlet.resource.PathResourceResolver@5b1c32e4]]] and 1 interceptor
08:50:02.150 logback [http-nio-9080-exec-7] DEBUG o.s.web.servlet.DispatcherServlet - Last-Modified value for [/assets/images/dudu.jpg] is: -1
08:50:02.151 logback [http-nio-9080-exec-7] DEBUG o.s.web.servlet.DispatcherServlet - Null ModelAndView returned to DispatcherServlet with name 'dispatcherServlet': assuming HandlerAdapter completed request handling
08:50:02.151 logback [http-nio-9080-exec-7] DEBUG o.s.web.servlet.DispatcherServlet - Successfully completed request
08:50:02.151 logback [http-nio-9080-exec-4] DEBUG o.s.b.w.f.OrderedRequestContextFilter - Bound request context to thread: org.apache.catalina.connector.RequestFacade@7a6af04d
08:50:02.151 logback [http-nio-9080-exec-7] DEBUG o.s.b.w.f.OrderedRequestContextFilter - Cleared thread-bound request context: org.apache.catalina.connector.RequestFacade@659e9d66
08:50:02.151 logback [http-nio-9080-exec-4] DEBUG o.s.web.servlet.DispatcherServlet - DispatcherServlet with name 'dispatcherServlet' processing GET request for [/main]
08:50:02.151 logback [http-nio-9080-exec-4] DEBUG o.s.w.s.m.m.a.RequestMappingHandlerMapping - Looking up handler method for path /main
08:50:02.151 logback [http-nio-9080-exec-4] DEBUG o.s.w.s.m.m.a.RequestMappingHandlerMapping - Returning handler method [public java.lang.String com.liyashe.controller.IndexController.main()]
08:50:02.151 logback [http-nio-9080-exec-4] DEBUG o.s.b.f.s.DefaultListableBeanFactory - Returning cached instance of singleton bean 'indexController'
08:50:02.151 logback [http-nio-9080-exec-4] DEBUG o.s.web.servlet.DispatcherServlet - Last-Modified value for [/main] is: -1
08:50:02.152 logback [http-nio-9080-exec-4] DEBUG o.s.w.s.v.ContentNegotiatingViewResolver - Requested media types are [text/html, application/xhtml+xml, image/webp, image/apng, application/xml;q=0.9, */*;q=0.8] based on Accept header types and producible media types [*/*])
08:50:02.152 logback [http-nio-9080-exec-4] DEBUG o.s.w.s.view.BeanNameViewResolver - No matching bean found for view name 'main'
08:50:02.152 logback [http-nio-9080-exec-4] DEBUG o.s.w.s.v.ContentNegotiatingViewResolver - Returning [org.thymeleaf.spring4.view.ThymeleafView@267c173e] based on requested media type 'text/html'
08:50:02.152 logback [http-nio-9080-exec-4] DEBUG o.s.web.servlet.DispatcherServlet - Rendering view [org.thymeleaf.spring4.view.ThymeleafView@267c173e] in DispatcherServlet with name 'dispatcherServlet'
08:50:02.157 logback [http-nio-9080-exec-4] DEBUG o.s.web.servlet.DispatcherServlet - Successfully completed request
08:50:02.157 logback [http-nio-9080-exec-4] DEBUG o.s.b.w.f.OrderedRequestContextFilter - Cleared thread-bound request context: org.apache.catalina.connector.RequestFacade@7a6af04d
08:50:02.192 logback [http-nio-9080-exec-1] DEBUG o.s.b.w.f.OrderedRequestContextFilter - Bound request context to thread: org.apache.catalina.connector.RequestFacade@7a6af04d
08:50:02.192 logback [http-nio-9080-exec-1] DEBUG o.s.web.servlet.DispatcherServlet - DispatcherServlet with name 'dispatcherServlet' processing GET request for [/assets/images/qq.png]
08:50:02.192 logback [http-nio-9080-exec-8] DEBUG o.s.b.w.f.OrderedRequestContextFilter - Bound request context to thread: org.apache.catalina.connector.RequestFacade@213be8d5
08:50:02.192 logback [http-nio-9080-exec-1] DEBUG o.s.w.s.m.m.a.RequestMappingHandlerMapping - Looking up handler method for path /assets/images/qq.png
08:50:02.192 logback [http-nio-9080-exec-3] DEBUG o.s.b.w.f.OrderedRequestContextFilter - Bound request context to thread: org.apache.catalina.connector.RequestFacade@659e9d66
08:50:02.192 logback [http-nio-9080-exec-8] DEBUG o.s.web.servlet.DispatcherServlet - DispatcherServlet with name 'dispatcherServlet' processing GET request for [/assets/avatars/avatar5.png]
08:50:02.192 logback [http-nio-9080-exec-3] DEBUG o.s.web.servlet.DispatcherServlet - DispatcherServlet with name 'dispatcherServlet' processing GET request for [/assets/images/gongzhon.png]
08:50:02.192 logback [http-nio-9080-exec-8] DEBUG o.s.w.s.m.m.a.RequestMappingHandlerMapping - Looking up handler method for path /assets/avatars/avatar5.png
08:50:02.192 logback [http-nio-9080-exec-3] DEBUG o.s.w.s.m.m.a.RequestMappingHandlerMapping - Looking up handler method for path /assets/images/gongzhon.png
08:50:02.192 logback [http-nio-9080-exec-1] DEBUG o.s.w.s.m.m.a.RequestMappingHandlerMapping - Did not find handler method for [/assets/images/qq.png]
08:50:02.192 logback [http-nio-9080-exec-1] DEBUG o.s.w.s.h.SimpleUrlHandlerMapping - Matching patterns for request [/assets/images/qq.png] are [/**]
08:50:02.192 logback [http-nio-9080-exec-8] DEBUG o.s.w.s.m.m.a.RequestMappingHandlerMapping - Did not find handler method for [/assets/avatars/avatar5.png]
08:50:02.192 logback [http-nio-9080-exec-1] DEBUG o.s.w.s.h.SimpleUrlHandlerMapping - URI Template variables for request [/assets/images/qq.png] are {}
08:50:02.192 logback [http-nio-9080-exec-8] DEBUG o.s.w.s.h.SimpleUrlHandlerMapping - Matching patterns for request [/assets/avatars/avatar5.png] are [/**]
08:50:02.192 logback [http-nio-9080-exec-3] DEBUG o.s.w.s.m.m.a.RequestMappingHandlerMapping - Did not find handler method for [/assets/images/gongzhon.png]
08:50:02.192 logback [http-nio-9080-exec-8] DEBUG o.s.w.s.h.SimpleUrlHandlerMapping - URI Template variables for request [/assets/avatars/avatar5.png] are {}
08:50:02.192 logback [http-nio-9080-exec-1] DEBUG o.s.w.s.h.SimpleUrlHandlerMapping - Mapping [/assets/images/qq.png] to HandlerExecutionChain with handler [ResourceHttpRequestHandler [locations=[ServletContext resource [/], class path resource [META-INF/resources/], class path resource [resources/], class path resource [static/], class path resource [public/]], resolvers=[org.springframework.web.servlet.resource.PathResourceResolver@5b1c32e4]]] and 1 interceptor
08:50:02.192 logback [http-nio-9080-exec-3] DEBUG o.s.w.s.h.SimpleUrlHandlerMapping - Matching patterns for request [/assets/images/gongzhon.png] are [/**]
08:50:02.192 logback [http-nio-9080-exec-1] DEBUG o.s.web.servlet.DispatcherServlet - Last-Modified value for [/assets/images/qq.png] is: -1
08:50:02.192 logback [http-nio-9080-exec-2] DEBUG o.s.b.w.f.OrderedRequestContextFilter - Bound request context to thread: org.apache.catalina.connector.RequestFacade@5b780539
08:50:02.192 logback [http-nio-9080-exec-2] DEBUG o.s.web.servlet.DispatcherServlet - DispatcherServlet with name 'dispatcherServlet' processing GET request for [/assets/avatars/avatar1.png]
08:50:02.192 logback [http-nio-9080-exec-2] DEBUG o.s.w.s.m.m.a.RequestMappingHandlerMapping - Looking up handler method for path /assets/avatars/avatar1.png
08:50:02.192 logback [http-nio-9080-exec-8] DEBUG o.s.w.s.h.SimpleUrlHandlerMapping - Mapping [/assets/avatars/avatar5.png] to HandlerExecutionChain with handler [ResourceHttpRequestHandler [locations=[ServletContext resource [/], class path resource [META-INF/resources/], class path resource [resources/], class path resource [static/], class path resource [public/]], resolvers=[org.springframework.web.servlet.resource.PathResourceResolver@5b1c32e4]]] and 1 interceptor
08:50:02.192 logback [http-nio-9080-exec-3] DEBUG o.s.w.s.h.SimpleUrlHandlerMapping - URI Template variables for request [/assets/images/gongzhon.png] are {}
08:50:02.193 logback [http-nio-9080-exec-2] DEBUG o.s.w.s.m.m.a.RequestMappingHandlerMapping - Did not find handler method for [/assets/avatars/avatar1.png]
08:50:02.193 logback [http-nio-9080-exec-3] DEBUG o.s.w.s.h.SimpleUrlHandlerMapping - Mapping [/assets/images/gongzhon.png] to HandlerExecutionChain with handler [ResourceHttpRequestHandler [locations=[ServletContext resource [/], class path resource [META-INF/resources/], class path resource [resources/], class path resource [static/], class path resource [public/]], resolvers=[org.springframework.web.servlet.resource.PathResourceResolver@5b1c32e4]]] and 1 interceptor
08:50:02.193 logback [http-nio-9080-exec-2] DEBUG o.s.w.s.h.SimpleUrlHandlerMapping - Matching patterns for request [/assets/avatars/avatar1.png] are [/**]
08:50:02.193 logback [http-nio-9080-exec-8] DEBUG o.s.web.servlet.DispatcherServlet - Last-Modified value for [/assets/avatars/avatar5.png] is: -1
08:50:02.193 logback [http-nio-9080-exec-3] DEBUG o.s.web.servlet.DispatcherServlet - Last-Modified value for [/assets/images/gongzhon.png] is: -1
08:50:02.193 logback [http-nio-9080-exec-2] DEBUG o.s.w.s.h.SimpleUrlHandlerMapping - URI Template variables for request [/assets/avatars/avatar1.png] are {}
08:50:02.193 logback [http-nio-9080-exec-2] DEBUG o.s.w.s.h.SimpleUrlHandlerMapping - Mapping [/assets/avatars/avatar1.png] to HandlerExecutionChain with handler [ResourceHttpRequestHandler [locations=[ServletContext resource [/], class path resource [META-INF/resources/], class path resource [resources/], class path resource [static/], class path resource [public/]], resolvers=[org.springframework.web.servlet.resource.PathResourceResolver@5b1c32e4]]] and 1 interceptor
08:50:02.193 logback [http-nio-9080-exec-2] DEBUG o.s.web.servlet.DispatcherServlet - Last-Modified value for [/assets/avatars/avatar1.png] is: -1
08:50:02.194 logback [http-nio-9080-exec-1] DEBUG o.s.web.servlet.DispatcherServlet - Null ModelAndView returned to DispatcherServlet with name 'dispatcherServlet': assuming HandlerAdapter completed request handling
08:50:02.194 logback [http-nio-9080-exec-1] DEBUG o.s.web.servlet.DispatcherServlet - Successfully completed request
08:50:02.194 logback [http-nio-9080-exec-1] DEBUG o.s.b.w.f.OrderedRequestContextFilter - Cleared thread-bound request context: org.apache.catalina.connector.RequestFacade@7a6af04d
08:50:02.194 logback [http-nio-9080-exec-3] DEBUG o.s.web.servlet.DispatcherServlet - Null ModelAndView returned to DispatcherServlet with name 'dispatcherServlet': assuming HandlerAdapter completed request handling
08:50:02.194 logback [http-nio-9080-exec-3] DEBUG o.s.web.servlet.DispatcherServlet - Successfully completed request
08:50:02.194 logback [http-nio-9080-exec-8] DEBUG o.s.web.servlet.DispatcherServlet - Null ModelAndView returned to DispatcherServlet with name 'dispatcherServlet': assuming HandlerAdapter completed request handling
08:50:02.194 logback [http-nio-9080-exec-2] DEBUG o.s.web.servlet.DispatcherServlet - Null ModelAndView returned to DispatcherServlet with name 'dispatcherServlet': assuming HandlerAdapter completed request handling
08:50:02.194 logback [http-nio-9080-exec-8] DEBUG o.s.web.servlet.DispatcherServlet - Successfully completed request
08:50:02.194 logback [http-nio-9080-exec-2] DEBUG o.s.web.servlet.DispatcherServlet - Successfully completed request
08:50:02.194 logback [http-nio-9080-exec-3] DEBUG o.s.b.w.f.OrderedRequestContextFilter - Cleared thread-bound request context: org.apache.catalina.connector.RequestFacade@659e9d66
08:50:02.194 logback [http-nio-9080-exec-8] DEBUG o.s.b.w.f.OrderedRequestContextFilter - Cleared thread-bound request context: org.apache.catalina.connector.RequestFacade@213be8d5
08:50:02.194 logback [http-nio-9080-exec-2] DEBUG o.s.b.w.f.OrderedRequestContextFilter - Cleared thread-bound request context: org.apache.catalina.connector.RequestFacade@5b780539
